TpTrace Verbose: 0 : 12864, 1, 2024/04/01, 12:31:23.616, 69163253677, vstest.console.dll, Version: 17.9.0-release-23627-01 Current process architecture: X64
TpTrace Verbose: 0 : 12864, 1, 2024/04/01, 12:31:23.622, 69163317176, vstest.console.dll, Runtime location: C:\Program Files\dotnet\shared\Microsoft.NETCore.App\8.0.2
TpTrace Verbose: 0 : 12864, 1, 2024/04/01, 12:31:23.629, 69163387199, vstest.console.dll, ArtifactProcessingPostProcessModeProcessorExecutor.Initialize: ArtifactProcessingMode.Collect
TpTrace Verbose: 0 : 12864, 1, 2024/04/01, 12:31:23.630, 69163389291, vstest.console.dll, TestSessionCorrelationIdProcessorModeProcessorExecutor.Initialize: TestSessionCorrelationId '14556_5e28e956-4c4f-4b6a-aab2-3f88318eaf9b'
TpTrace Information: 0 : 12864, 1, 2024/04/01, 12:31:23.643, 69163518831, vstest.console.dll, FilePatternParser: The given file F:\Back End 2\12-Continuous-Integration-II-Resources\12-Continuous-Integration-II-Resources\02-House-Renting-System-App\HouseRentingSystem.Tests\bin\Debug\net6.0\fine-code-coverage\build-output\HouseRentingSystem.Tests.dll is a full path.
TpTrace Verbose: 0 : 12864, 1, 2024/04/01, 12:31:23.660, 69163691430, vstest.console.dll, TestPluginCache.DiscoverTestExtensions: finding test extensions in assemblies ends with: RuntimeProvider.dll TPluginInfo: Microsoft.VisualStudio.TestPlatform.Common.ExtensionFramework.Utilities.TestRuntimePluginInformation TExtension: Microsoft.VisualStudio.TestPlatform.ObjectModel.Host.ITestRuntimeProvider
TpTrace Verbose: 0 : 12864, 1, 2024/04/01, 12:31:23.660, 69163696957, vstest.console.dll, TestPluginCache.GetExtensionPaths: Filtered extension paths: 
TpTrace Verbose: 0 : 12864, 1, 2024/04/01, 12:31:23.661, 69163698733, vstest.console.dll, TestPluginCache.GetExtensionPaths: Added default extension paths: C:\Program Files\dotnet\sdk\8.0.200\Extensions\Microsoft.Diagnostics.NETCore.Client.dll
C:\Program Files\dotnet\sdk\8.0.200\Extensions\Microsoft.TestPlatform.Extensions.BlameDataCollector.dll
C:\Program Files\dotnet\sdk\8.0.200\Extensions\Microsoft.TestPlatform.Extensions.EventLogCollector.dll
C:\Program Files\dotnet\sdk\8.0.200\Extensions\Microsoft.TestPlatform.TestHostRuntimeProvider.dll
C:\Program Files\dotnet\sdk\8.0.200\Extensions\Microsoft.VisualStudio.TestPlatform.Extensions.Html.TestLogger.dll
C:\Program Files\dotnet\sdk\8.0.200\Extensions\Microsoft.VisualStudio.TestPlatform.Extensions.Trx.TestLogger.dll
TpTrace Verbose: 0 : 12864, 1, 2024/04/01, 12:31:23.661, 69163699988, vstest.console.dll, TestPluginCache.GetExtensionPaths: Added unfilterableExtensionPaths: 
TpTrace Information: 0 : 12864, 1, 2024/04/01, 12:31:23.662, 69163712368, vstest.console.dll, AssemblyResolver.ctor: Creating AssemblyResolver with searchDirectories C:\Program Files\dotnet\sdk\8.0.200\Extensions,C:\Program Files\dotnet\sdk\8.0.200
TpTrace Verbose: 0 : 12864, 1, 2024/04/01, 12:31:23.665, 69163746240, vstest.console.dll, TestPluginCache.DiscoverTestExtensions: Discovering the extensions using extension path.
TpTrace Verbose: 0 : 12864, 1, 2024/04/01, 12:31:23.666, 69163748707, vstest.console.dll, TestPluginCache.GetExtensionPaths: Filtered extension paths: 
TpTrace Verbose: 0 : 12864, 1, 2024/04/01, 12:31:23.666, 69163749375, vstest.console.dll, TestPluginCache.GetExtensionPaths: Added default extension paths: C:\Program Files\dotnet\sdk\8.0.200\Extensions\Microsoft.Diagnostics.NETCore.Client.dll
C:\Program Files\dotnet\sdk\8.0.200\Extensions\Microsoft.TestPlatform.Extensions.BlameDataCollector.dll
C:\Program Files\dotnet\sdk\8.0.200\Extensions\Microsoft.TestPlatform.Extensions.EventLogCollector.dll
C:\Program Files\dotnet\sdk\8.0.200\Extensions\Microsoft.TestPlatform.TestHostRuntimeProvider.dll
C:\Program Files\dotnet\sdk\8.0.200\Extensions\Microsoft.VisualStudio.TestPlatform.Extensions.Html.TestLogger.dll
C:\Program Files\dotnet\sdk\8.0.200\Extensions\Microsoft.VisualStudio.TestPlatform.Extensions.Trx.TestLogger.dll
TpTrace Verbose: 0 : 12864, 1, 2024/04/01, 12:31:23.666, 69163749899, vstest.console.dll, TestPluginCache.GetExtensionPaths: Added unfilterableExtensionPaths: 
TpTrace Verbose: 0 : 12864, 1, 2024/04/01, 12:31:23.666, 69163751503, vstest.console.dll, TestPluginCache.DiscoverTestExtensions: Discovering the extensions using allExtensionPaths: C:\Program Files\dotnet\sdk\8.0.200\Extensions\Microsoft.Diagnostics.NETCore.Client.dll
C:\Program Files\dotnet\sdk\8.0.200\Extensions\Microsoft.TestPlatform.Extensions.BlameDataCollector.dll
C:\Program Files\dotnet\sdk\8.0.200\Extensions\Microsoft.TestPlatform.Extensions.EventLogCollector.dll
C:\Program Files\dotnet\sdk\8.0.200\Extensions\Microsoft.TestPlatform.TestHostRuntimeProvider.dll
C:\Program Files\dotnet\sdk\8.0.200\Extensions\Microsoft.VisualStudio.TestPlatform.Extensions.Html.TestLogger.dll
C:\Program Files\dotnet\sdk\8.0.200\Extensions\Microsoft.VisualStudio.TestPlatform.Extensions.Trx.TestLogger.dll
TpTrace Information: 0 : 12864, 1, 2024/04/01, 12:31:23.666, 69163753484, vstest.console.dll, AssemblyResolver.AddSearchDirectories: Adding more searchDirectories C:\Program Files\dotnet\sdk\8.0.200\Extensions,C:\Program Files\dotnet\sdk\8.0.200
TpTrace Information: 0 : 12864, 1, 2024/04/01, 12:31:23.666, 69163754280, vstest.console.dll, AssemblyResolver.AddSearchDirectories: Adding more searchDirectories C:\Program Files\dotnet\sdk\8.0.200\Extensions,C:\Program Files\dotnet\sdk\8.0.200
TpTrace Information: 0 : 12864, 1, 2024/04/01, 12:31:23.666, 69163754756, vstest.console.dll, AssemblyResolver.AddSearchDirectories: Adding more searchDirectories C:\Program Files\dotnet\sdk\8.0.200\Extensions,C:\Program Files\dotnet\sdk\8.0.200
TpTrace Information: 0 : 12864, 1, 2024/04/01, 12:31:23.666, 69163755226, vstest.console.dll, AssemblyResolver.AddSearchDirectories: Adding more searchDirectories C:\Program Files\dotnet\sdk\8.0.200\Extensions,C:\Program Files\dotnet\sdk\8.0.200
TpTrace Information: 0 : 12864, 1, 2024/04/01, 12:31:23.666, 69163755650, vstest.console.dll, AssemblyResolver.AddSearchDirectories: Adding more searchDirectories C:\Program Files\dotnet\sdk\8.0.200\Extensions,C:\Program Files\dotnet\sdk\8.0.200
TpTrace Information: 0 : 12864, 1, 2024/04/01, 12:31:23.666, 69163756054, vstest.console.dll, AssemblyResolver.AddSearchDirectories: Adding more searchDirectories C:\Program Files\dotnet\sdk\8.0.200\Extensions,C:\Program Files\dotnet\sdk\8.0.200
TpTrace Information: 0 : 12864, 1, 2024/04/01, 12:31:23.668, 69163768250, vstest.console.dll, AssemblyResolver.OnResolve: Microsoft.Diagnostics.NETCore.Client: Resolving assembly.
TpTrace Information: 0 : 12864, 1, 2024/04/01, 12:31:23.668, 69163770737, vstest.console.dll, AssemblyResolver.OnResolve: Microsoft.Diagnostics.NETCore.Client: Searching in: 'C:\Program Files\dotnet\sdk\8.0.200\Extensions'.
TpTrace Information: 0 : 12864, 1, 2024/04/01, 12:31:23.693, 69164023979, vstest.console.dll, AssemblyResolver.OnResolve: Microsoft.Diagnostics.NETCore.Client: Loading assembly 'C:\Program Files\dotnet\sdk\8.0.200\Extensions\Microsoft.Diagnostics.NETCore.Client.dll'.
TpTrace Information: 0 : 12864, 1, 2024/04/01, 12:31:23.696, 69164053096, vstest.console.dll, AssemblyResolver.OnResolve: Resolved assembly: Microsoft.Diagnostics.NETCore.Client, from path: C:\Program Files\dotnet\sdk\8.0.200\Extensions\Microsoft.Diagnostics.NETCore.Client.dll
TpTrace Verbose: 0 : 12864, 1, 2024/04/01, 12:31:23.705, 69164147534, vstest.console.dll, MetadataReaderExtensionsHelper: Discovering extensions inside assembly 'Microsoft.Diagnostics.NETCore.Client, Version=0.2.9.2401, Culture=neutral, PublicKeyToken=31bf3856ad364e35' file path 'C:\Program Files\dotnet\sdk\8.0.200\Extensions\Microsoft.Diagnostics.NETCore.Client.dll'
TpTrace Information: 0 : 12864, 1, 2024/04/01, 12:31:23.714, 69164236394, vstest.console.dll, AssemblyResolver.OnResolve: Microsoft.Bcl.AsyncInterfaces: Resolving assembly.
TpTrace Information: 0 : 12864, 1, 2024/04/01, 12:31:23.715, 69164237919, vstest.console.dll, AssemblyResolver.OnResolve: Microsoft.Bcl.AsyncInterfaces: Searching in: 'C:\Program Files\dotnet\sdk\8.0.200\Extensions'.
TpTrace Information: 0 : 12864, 1, 2024/04/01, 12:31:23.715, 69164239438, vstest.console.dll, AssemblyResolver.OnResolve: Microsoft.Bcl.AsyncInterfaces: Assembly path does not exist: 'C:\Program Files\dotnet\sdk\8.0.200\Extensions\Microsoft.Bcl.AsyncInterfaces.dll', returning.
TpTrace Information: 0 : 12864, 1, 2024/04/01, 12:31:23.715, 69164240859, vstest.console.dll, AssemblyResolver.OnResolve: Microsoft.Bcl.AsyncInterfaces: Assembly path does not exist: 'C:\Program Files\dotnet\sdk\8.0.200\Extensions\Microsoft.Bcl.AsyncInterfaces.exe', returning.
TpTrace Information: 0 : 12864, 1, 2024/04/01, 12:31:23.715, 69164241358, vstest.console.dll, AssemblyResolver.OnResolve: Microsoft.Bcl.AsyncInterfaces: Searching in: 'C:\Program Files\dotnet\sdk\8.0.200'.
TpTrace Information: 0 : 12864, 1, 2024/04/01, 12:31:23.715, 69164242243, vstest.console.dll, AssemblyResolver.OnResolve: Microsoft.Bcl.AsyncInterfaces: Assembly path does not exist: 'C:\Program Files\dotnet\sdk\8.0.200\Microsoft.Bcl.AsyncInterfaces.dll', returning.
TpTrace Information: 0 : 12864, 1, 2024/04/01, 12:31:23.715, 69164243270, vstest.console.dll, AssemblyResolver.OnResolve: Microsoft.Bcl.AsyncInterfaces: Assembly path does not exist: 'C:\Program Files\dotnet\sdk\8.0.200\Microsoft.Bcl.AsyncInterfaces.exe', returning.
TpTrace Information: 0 : 12864, 1, 2024/04/01, 12:31:23.715, 69164243698, vstest.console.dll, AssemblyResolver.OnResolve: Microsoft.Bcl.AsyncInterfaces: Failed to load assembly.
TpTrace Verbose: 0 : 12864, 1, 2024/04/01, 12:31:23.715, 69164244209, vstest.console.dll, CurrentDomainAssemblyResolve: Resolving assembly 'Microsoft.Bcl.AsyncInterfaces'.
TpTrace Information: 0 : 12864, 1, 2024/04/01, 12:31:23.715, 69164246069, vstest.console.dll, AssemblyResolver.OnResolve: Microsoft.Bcl.AsyncInterfaces: Resolving assembly.
TpTrace Information: 0 : 12864, 1, 2024/04/01, 12:31:23.715, 69164246980, vstest.console.dll, AssemblyResolver.OnResolve: Microsoft.Bcl.AsyncInterfaces: Resolved from cache.
TpTrace Verbose: 0 : 12864, 1, 2024/04/01, 12:31:23.715, 69164247479, vstest.console.dll, CurrentDomainAssemblyResolve: Resolving assembly 'Microsoft.Bcl.AsyncInterfaces'.
TpTrace Verbose: 0 : 12864, 1, 2024/04/01, 12:31:23.716, 69164248012, vstest.console.dll, CurrentDomainAssemblyResolve: Failed to resolve assembly 'Microsoft.Bcl.AsyncInterfaces'.
TpTrace Verbose: 0 : 12864, 1, 2024/04/01, 12:31:23.722, 69164315997, vstest.console.dll, CurrentDomainAssemblyResolve: Failed to resolve assembly 'Microsoft.Bcl.AsyncInterfaces'.
TpTrace Warning: 0 : 12864, 1, 2024/04/01, 12:31:23.749, 69164587452, vstest.console.dll, TestPluginDiscoverer: Failed to get types from assembly 'Microsoft.Diagnostics.NETCore.Client, Version=0.2.9.2401, Culture=neutral, PublicKeyToken=31bf3856ad364e35'. Error: System.Reflection.ReflectionTypeLoadException: Unable to load one or more of the requested types.
Could not load file or assembly 'Microsoft.Bcl.AsyncInterfaces, Version=6.0.0.0, Culture=neutral, PublicKeyToken=cc7b13ffcd2ddd51'. The system cannot find the file specified.
   at System.Reflection.RuntimeModule.GetTypes(RuntimeModule module)
   at System.Reflection.RuntimeModule.GetTypes()
   at Microsoft.VisualStudio.TestPlatform.Common.ExtensionFramework.TestPluginDiscoverer.GetTestExtensionsFromAssembly[TPluginInfo,TExtension](Assembly assembly, Dictionary`2 pluginInfos, String filePath) in /_/src/Microsoft.TestPlatform.Common/ExtensionFramework/TestPluginDiscoverer.cs:line 158
System.IO.FileNotFoundException: Could not load file or assembly 'Microsoft.Bcl.AsyncInterfaces, Version=6.0.0.0, Culture=neutral, PublicKeyToken=cc7b13ffcd2ddd51'. The system cannot find the file specified.
File name: 'Microsoft.Bcl.AsyncInterfaces, Version=6.0.0.0, Culture=neutral, PublicKeyToken=cc7b13ffcd2ddd51'
 ---> System.IO.FileNotFoundException: Could not load file or assembly 'Microsoft.Bcl.AsyncInterfaces, Culture=neutral, PublicKeyToken=null'. The system cannot find the file specified.
File name: 'Microsoft.Bcl.AsyncInterfaces, Culture=neutral, PublicKeyToken=null'
   at System.Reflection.RuntimeAssembly.InternalLoad(AssemblyName assemblyName, StackCrawlMark& stackMark, AssemblyLoadContext assemblyLoadContext, RuntimeAssembly requestingAssembly, Boolean throwOnFileNotFound)
   at System.Reflection.Assembly.Load(AssemblyName assemblyRef)
   at Microsoft.VisualStudio.TestPlatform.Common.ExtensionFramework.TestPluginCache.CurrentDomainAssemblyResolve(Object sender, AssemblyResolveEventArgs args) in /_/src/Microsoft.TestPlatform.Common/ExtensionFramework/TestPluginCache.cs:line 513
   at System.Runtime.Loader.AssemblyLoadContext.GetFirstResolvedAssemblyFromResolvingEvent(AssemblyName assemblyName)
   at System.Runtime.Loader.AssemblyLoadContext.ResolveUsingEvent(AssemblyName assemblyName)
   at System.Runtime.Loader.AssemblyLoadContext.ResolveUsingResolvingEvent(IntPtr gchManagedAssemblyLoadContext, AssemblyName assemblyName)
TpTrace Warning: 0 : 12864, 1, 2024/04/01, 12:31:23.750, 69164592034, vstest.console.dll, LoaderExceptions: System.IO.FileNotFoundException: Could not load file or assembly 'Microsoft.Bcl.AsyncInterfaces, Version=6.0.0.0, Culture=neutral, PublicKeyToken=cc7b13ffcd2ddd51'. The system cannot find the file specified.
File name: 'Microsoft.Bcl.AsyncInterfaces, Version=6.0.0.0, Culture=neutral, PublicKeyToken=cc7b13ffcd2ddd51'
 ---> System.IO.FileNotFoundException: Could not load file or assembly 'Microsoft.Bcl.AsyncInterfaces, Culture=neutral, PublicKeyToken=null'. The system cannot find the file specified.
File name: 'Microsoft.Bcl.AsyncInterfaces, Culture=neutral, PublicKeyToken=null'
   at System.Reflection.RuntimeAssembly.InternalLoad(AssemblyName assemblyName, StackCrawlMark& stackMark, AssemblyLoadContext assemblyLoadContext, RuntimeAssembly requestingAssembly, Boolean throwOnFileNotFound)
   at System.Reflection.Assembly.Load(AssemblyName assemblyRef)
   at Microsoft.VisualStudio.TestPlatform.Common.ExtensionFramework.TestPluginCache.CurrentDomainAssemblyResolve(Object sender, AssemblyResolveEventArgs args) in /_/src/Microsoft.TestPlatform.Common/ExtensionFramework/TestPluginCache.cs:line 513
   at System.Runtime.Loader.AssemblyLoadContext.GetFirstResolvedAssemblyFromResolvingEvent(AssemblyName assemblyName)
   at System.Runtime.Loader.AssemblyLoadContext.ResolveUsingEvent(AssemblyName assemblyName)
   at System.Runtime.Loader.AssemblyLoadContext.ResolveUsingResolvingEvent(IntPtr gchManagedAssemblyLoadContext, AssemblyName assemblyName)
TpTrace Information: 0 : 12864, 1, 2024/04/01, 12:31:23.750, 69164594219, vstest.console.dll, AssemblyResolver.OnResolve: Microsoft.TestPlatform.Extensions.BlameDataCollector: Resolving assembly.
TpTrace Information: 0 : 12864, 1, 2024/04/01, 12:31:23.750, 69164595174, vstest.console.dll, AssemblyResolver.OnResolve: Microsoft.TestPlatform.Extensions.BlameDataCollector: Searching in: 'C:\Program Files\dotnet\sdk\8.0.200\Extensions'.
TpTrace Information: 0 : 12864, 1, 2024/04/01, 12:31:23.752, 69164610447, vstest.console.dll, AssemblyResolver.OnResolve: Microsoft.TestPlatform.Extensions.BlameDataCollector: Loading assembly 'C:\Program Files\dotnet\sdk\8.0.200\Extensions\Microsoft.TestPlatform.Extensions.BlameDataCollector.dll'.
TpTrace Information: 0 : 12864, 1, 2024/04/01, 12:31:23.754, 69164627747, vstest.console.dll, AssemblyResolver.OnResolve: Resolved assembly: Microsoft.TestPlatform.Extensions.BlameDataCollector, from path: C:\Program Files\dotnet\sdk\8.0.200\Extensions\Microsoft.TestPlatform.Extensions.BlameDataCollector.dll
TpTrace Verbose: 0 : 12864, 1, 2024/04/01, 12:31:23.754, 69164629369, vstest.console.dll, MetadataReaderExtensionsHelper: Discovering extensions inside assembly 'Microsoft.TestPlatform.Extensions.BlameDataCollector, Version=15.0.0.0, Culture=neutral, PublicKeyToken=b03f5f7f11d50a3a' file path 'C:\Program Files\dotnet\sdk\8.0.200\Extensions\Microsoft.TestPlatform.Extensions.BlameDataCollector.dll'
TpTrace Information: 0 : 12864, 1, 2024/04/01, 12:31:23.756, 69164657010, vstest.console.dll, AssemblyResolver.OnResolve: Microsoft.TestPlatform.Extensions.EventLogCollector: Resolving assembly.
TpTrace Information: 0 : 12864, 1, 2024/04/01, 12:31:23.757, 69164658581, vstest.console.dll, AssemblyResolver.OnResolve: Microsoft.TestPlatform.Extensions.EventLogCollector: Searching in: 'C:\Program Files\dotnet\sdk\8.0.200\Extensions'.
TpTrace Information: 0 : 12864, 1, 2024/04/01, 12:31:23.758, 69164670556, vstest.console.dll, AssemblyResolver.OnResolve: Microsoft.TestPlatform.Extensions.EventLogCollector: Loading assembly 'C:\Program Files\dotnet\sdk\8.0.200\Extensions\Microsoft.TestPlatform.Extensions.EventLogCollector.dll'.
TpTrace Information: 0 : 12864, 1, 2024/04/01, 12:31:23.759, 69164678839, vstest.console.dll, AssemblyResolver.OnResolve: Resolved assembly: Microsoft.TestPlatform.Extensions.EventLogCollector, from path: C:\Program Files\dotnet\sdk\8.0.200\Extensions\Microsoft.TestPlatform.Extensions.EventLogCollector.dll
TpTrace Verbose: 0 : 12864, 1, 2024/04/01, 12:31:23.759, 69164680296, vstest.console.dll, MetadataReaderExtensionsHelper: Discovering extensions inside assembly 'Microsoft.TestPlatform.Extensions.EventLogCollector, Version=15.0.0.0, Culture=neutral, PublicKeyToken=b03f5f7f11d50a3a' file path 'C:\Program Files\dotnet\sdk\8.0.200\Extensions\Microsoft.TestPlatform.Extensions.EventLogCollector.dll'
TpTrace Information: 0 : 12864, 1, 2024/04/01, 12:31:23.764, 69164728163, vstest.console.dll, AssemblyResolver.OnResolve: Microsoft.TestPlatform.TestHostRuntimeProvider: Resolving assembly.
TpTrace Information: 0 : 12864, 1, 2024/04/01, 12:31:23.764, 69164729557, vstest.console.dll, AssemblyResolver.OnResolve: Microsoft.TestPlatform.TestHostRuntimeProvider: Searching in: 'C:\Program Files\dotnet\sdk\8.0.200\Extensions'.
TpTrace Information: 0 : 12864, 1, 2024/04/01, 12:31:23.765, 69164741850, vstest.console.dll, AssemblyResolver.OnResolve: Microsoft.TestPlatform.TestHostRuntimeProvider: Loading assembly 'C:\Program Files\dotnet\sdk\8.0.200\Extensions\Microsoft.TestPlatform.TestHostRuntimeProvider.dll'.
TpTrace Information: 0 : 12864, 1, 2024/04/01, 12:31:23.767, 69164758787, vstest.console.dll, AssemblyResolver.OnResolve: Resolved assembly: Microsoft.TestPlatform.TestHostRuntimeProvider, from path: C:\Program Files\dotnet\sdk\8.0.200\Extensions\Microsoft.TestPlatform.TestHostRuntimeProvider.dll
TpTrace Verbose: 0 : 12864, 1, 2024/04/01, 12:31:23.767, 69164760276, vstest.console.dll, MetadataReaderExtensionsHelper: Discovering extensions inside assembly 'Microsoft.TestPlatform.TestHostRuntimeProvider, Version=15.0.0.0, Culture=neutral, PublicKeyToken=b03f5f7f11d50a3a' file path 'C:\Program Files\dotnet\sdk\8.0.200\Extensions\Microsoft.TestPlatform.TestHostRuntimeProvider.dll'
TpTrace Information: 0 : 12864, 1, 2024/04/01, 12:31:23.770, 69164795936, vstest.console.dll, GetTestExtensionFromType: Register extension with identifier data 'HostProvider://DefaultTestHost' and type 'Microsoft.VisualStudio.TestPlatform.CrossPlatEngine.Hosting.DefaultTestHostManager, Microsoft.TestPlatform.TestHostRuntimeProvider, Version=15.0.0.0, Culture=neutral, PublicKeyToken=b03f5f7f11d50a3a' inside file 'C:\Program Files\dotnet\sdk\8.0.200\Extensions\Microsoft.TestPlatform.TestHostRuntimeProvider.dll'
TpTrace Information: 0 : 12864, 1, 2024/04/01, 12:31:23.771, 69164800018, vstest.console.dll, GetTestExtensionFromType: Register extension with identifier data 'HostProvider://DotnetTestHost' and type 'Microsoft.VisualStudio.TestPlatform.CrossPlatEngine.Hosting.DotnetTestHostManager, Microsoft.TestPlatform.TestHostRuntimeProvider, Version=15.0.0.0, Culture=neutral, PublicKeyToken=b03f5f7f11d50a3a' inside file 'C:\Program Files\dotnet\sdk\8.0.200\Extensions\Microsoft.TestPlatform.TestHostRuntimeProvider.dll'
TpTrace Information: 0 : 12864, 1, 2024/04/01, 12:31:23.771, 69164801186, vstest.console.dll, AssemblyResolver.OnResolve: Microsoft.VisualStudio.TestPlatform.Extensions.Html.TestLogger: Resolving assembly.
TpTrace Information: 0 : 12864, 1, 2024/04/01, 12:31:23.771, 69164801978, vstest.console.dll, AssemblyResolver.OnResolve: Microsoft.VisualStudio.TestPlatform.Extensions.Html.TestLogger: Searching in: 'C:\Program Files\dotnet\sdk\8.0.200\Extensions'.
TpTrace Information: 0 : 12864, 1, 2024/04/01, 12:31:23.772, 69164814855, vstest.console.dll, AssemblyResolver.OnResolve: Microsoft.VisualStudio.TestPlatform.Extensions.Html.TestLogger: Loading assembly 'C:\Program Files\dotnet\sdk\8.0.200\Extensions\Microsoft.VisualStudio.TestPlatform.Extensions.Html.TestLogger.dll'.
TpTrace Information: 0 : 12864, 1, 2024/04/01, 12:31:23.774, 69164829218, vstest.console.dll, AssemblyResolver.OnResolve: Resolved assembly: Microsoft.VisualStudio.TestPlatform.Extensions.Html.TestLogger, from path: C:\Program Files\dotnet\sdk\8.0.200\Extensions\Microsoft.VisualStudio.TestPlatform.Extensions.Html.TestLogger.dll
TpTrace Verbose: 0 : 12864, 1, 2024/04/01, 12:31:23.774, 69164830725, vstest.console.dll, MetadataReaderExtensionsHelper: Discovering extensions inside assembly 'Microsoft.VisualStudio.TestPlatform.Extensions.Html.TestLogger, Version=15.0.0.0, Culture=neutral, PublicKeyToken=b03f5f7f11d50a3a' file path 'C:\Program Files\dotnet\sdk\8.0.200\Extensions\Microsoft.VisualStudio.TestPlatform.Extensions.Html.TestLogger.dll'
TpTrace Information: 0 : 12864, 1, 2024/04/01, 12:31:23.776, 69164848543, vstest.console.dll, AssemblyResolver.OnResolve: Microsoft.VisualStudio.TestPlatform.Extensions.Trx.TestLogger: Resolving assembly.
TpTrace Information: 0 : 12864, 1, 2024/04/01, 12:31:23.776, 69164849904, vstest.console.dll, AssemblyResolver.OnResolve: Microsoft.VisualStudio.TestPlatform.Extensions.Trx.TestLogger: Searching in: 'C:\Program Files\dotnet\sdk\8.0.200\Extensions'.
TpTrace Information: 0 : 12864, 1, 2024/04/01, 12:31:23.777, 69164865548, vstest.console.dll, AssemblyResolver.OnResolve: Microsoft.VisualStudio.TestPlatform.Extensions.Trx.TestLogger: Loading assembly 'C:\Program Files\dotnet\sdk\8.0.200\Extensions\Microsoft.VisualStudio.TestPlatform.Extensions.Trx.TestLogger.dll'.
TpTrace Information: 0 : 12864, 1, 2024/04/01, 12:31:23.780, 69164888076, vstest.console.dll, AssemblyResolver.OnResolve: Resolved assembly: Microsoft.VisualStudio.TestPlatform.Extensions.Trx.TestLogger, from path: C:\Program Files\dotnet\sdk\8.0.200\Extensions\Microsoft.VisualStudio.TestPlatform.Extensions.Trx.TestLogger.dll
TpTrace Verbose: 0 : 12864, 1, 2024/04/01, 12:31:23.780, 69164889745, vstest.console.dll, MetadataReaderExtensionsHelper: Discovering extensions inside assembly 'Microsoft.VisualStudio.TestPlatform.Extensions.Trx.TestLogger, Version=15.0.0.0, Culture=neutral, PublicKeyToken=b03f5f7f11d50a3a' file path 'C:\Program Files\dotnet\sdk\8.0.200\Extensions\Microsoft.VisualStudio.TestPlatform.Extensions.Trx.TestLogger.dll'
TpTrace Verbose: 0 : 12864, 1, 2024/04/01, 12:31:23.782, 69164914787, vstest.console.dll, TestPluginCache: Discovered the extensions using extension path ''.
TpTrace Verbose: 0 : 12864, 1, 2024/04/01, 12:31:23.782, 69164916008, vstest.console.dll, TestPluginCache: Discoverers are ''.
TpTrace Verbose: 0 : 12864, 1, 2024/04/01, 12:31:23.782, 69164916426, vstest.console.dll, TestPluginCache: Executors are ''.
TpTrace Verbose: 0 : 12864, 1, 2024/04/01, 12:31:23.782, 69164916778, vstest.console.dll, TestPluginCache: Executors2 are ''.
TpTrace Verbose: 0 : 12864, 1, 2024/04/01, 12:31:23.782, 69164917117, vstest.console.dll, TestPluginCache: Setting providers are ''.
TpTrace Verbose: 0 : 12864, 1, 2024/04/01, 12:31:23.783, 69164917584, vstest.console.dll, TestPluginCache: Loggers are ''.
TpTrace Verbose: 0 : 12864, 1, 2024/04/01, 12:31:23.783, 69164919822, vstest.console.dll, TestPluginCache: TestHosts are 'HostProvider://DefaultTestHost,HostProvider://DotnetTestHost'.
TpTrace Verbose: 0 : 12864, 1, 2024/04/01, 12:31:23.783, 69164920335, vstest.console.dll, TestPluginCache: DataCollectors are ''.
TpTrace Information: 0 : 12864, 1, 2024/04/01, 12:31:23.819, 69165280903, vstest.console.dll, RunTestsArgumentProcessor:Execute: Test run is starting.
TpTrace Verbose: 0 : 12864, 1, 2024/04/01, 12:31:23.819, 69165282131, vstest.console.dll, RunTestsArgumentProcessor:Execute: Queuing Test run.
TpTrace Information: 0 : 12864, 1, 2024/04/01, 12:31:23.819, 69165285703, vstest.console.dll, TestRequestManager.RunTests: run tests started.
TpTrace Information: 0 : 12864, 1, 2024/04/01, 12:31:23.821, 69165305237, vstest.console.dll, AssemblyMetadataProvider.GetFrameworkName: Determined framework:'.NETCoreApp,Version=v6.0' for source: 'F:\Back End 2\12-Continuous-Integration-II-Resources\12-Continuous-Integration-II-Resources\02-House-Renting-System-App\HouseRentingSystem.Tests\bin\Debug\net6.0\fine-code-coverage\build-output\HouseRentingSystem.Tests.dll'
TpTrace Information: 0 : 12864, 1, 2024/04/01, 12:31:23.822, 69165307769, vstest.console.dll, Determined framework for all sources: .NETCoreApp,Version=v6.0
TpTrace Verbose: 0 : 12864, 1, 2024/04/01, 12:31:23.822, 69165312380, vstest.console.dll, TestRequestManager.UpdateRunSettingsIfRequired: Default architecture: X64 IsDefaultTargetArchitecture: True, Current process architecture: X64 OperatingSystem: Windows.
TpTrace Information: 0 : 12864, 1, 2024/04/01, 12:31:23.824, 69165332095, vstest.console.dll, AssemblyMetadataProvider.GetArchitecture: Determined architecture:AnyCPU info for assembly: F:\Back End 2\12-Continuous-Integration-II-Resources\12-Continuous-Integration-II-Resources\02-House-Renting-System-App\HouseRentingSystem.Tests\bin\Debug\net6.0\fine-code-coverage\build-output\HouseRentingSystem.Tests.dll
TpTrace Information: 0 : 12864, 1, 2024/04/01, 12:31:23.824, 69165333054, vstest.console.dll, Determined platform for source 'F:\Back End 2\12-Continuous-Integration-II-Resources\12-Continuous-Integration-II-Resources\02-House-Renting-System-App\HouseRentingSystem.Tests\bin\Debug\net6.0\fine-code-coverage\build-output\HouseRentingSystem.Tests.dll' was AnyCPU and it will use the default plaform X64.
TpTrace Information: 0 : 12864, 1, 2024/04/01, 12:31:23.824, 69165333581, vstest.console.dll, None of the sources provided any runnable platform, using the default platform: X64
TpTrace Information: 0 : 12864, 1, 2024/04/01, 12:31:23.824, 69165335075, vstest.console.dll, Platform was updated to 'X64'.
TpTrace Information: 0 : 12864, 1, 2024/04/01, 12:31:23.832, 69165409000, vstest.console.dll, InferRunSettingsHelper.IsTestSettingsEnabled: Unable to navigate to RunSettings/MSTest. Current node: RunSettings
TpTrace Information: 0 : 12864, 1, 2024/04/01, 12:31:23.833, 69165421649, vstest.console.dll, AssemblyResolver.OnResolve: Microsoft.VisualStudio.TestPlatform.Fakes: Resolving assembly.
TpTrace Information: 0 : 12864, 1, 2024/04/01, 12:31:23.833, 69165422946, vstest.console.dll, AssemblyResolver.OnResolve: Microsoft.VisualStudio.TestPlatform.Fakes: Searching in: 'C:\Program Files\dotnet\sdk\8.0.200\Extensions'.
TpTrace Information: 0 : 12864, 1, 2024/04/01, 12:31:23.833, 69165424522, vstest.console.dll, AssemblyResolver.OnResolve: Microsoft.VisualStudio.TestPlatform.Fakes: Assembly path does not exist: 'C:\Program Files\dotnet\sdk\8.0.200\Extensions\Microsoft.VisualStudio.TestPlatform.Fakes.dll', returning.
TpTrace Information: 0 : 12864, 1, 2024/04/01, 12:31:23.833, 69165425503, vstest.console.dll, AssemblyResolver.OnResolve: Microsoft.VisualStudio.TestPlatform.Fakes: Assembly path does not exist: 'C:\Program Files\dotnet\sdk\8.0.200\Extensions\Microsoft.VisualStudio.TestPlatform.Fakes.exe', returning.
TpTrace Information: 0 : 12864, 1, 2024/04/01, 12:31:23.833, 69165425948, vstest.console.dll, AssemblyResolver.OnResolve: Microsoft.VisualStudio.TestPlatform.Fakes: Searching in: 'C:\Program Files\dotnet\sdk\8.0.200'.
TpTrace Information: 0 : 12864, 1, 2024/04/01, 12:31:23.833, 69165426819, vstest.console.dll, AssemblyResolver.OnResolve: Microsoft.VisualStudio.TestPlatform.Fakes: Assembly path does not exist: 'C:\Program Files\dotnet\sdk\8.0.200\Microsoft.VisualStudio.TestPlatform.Fakes.dll', returning.
TpTrace Information: 0 : 12864, 1, 2024/04/01, 12:31:23.834, 69165427743, vstest.console.dll, AssemblyResolver.OnResolve: Microsoft.VisualStudio.TestPlatform.Fakes: Assembly path does not exist: 'C:\Program Files\dotnet\sdk\8.0.200\Microsoft.VisualStudio.TestPlatform.Fakes.exe', returning.
TpTrace Information: 0 : 12864, 1, 2024/04/01, 12:31:23.834, 69165428165, vstest.console.dll, AssemblyResolver.OnResolve: Microsoft.VisualStudio.TestPlatform.Fakes: Failed to load assembly.
TpTrace Information: 0 : 12864, 1, 2024/04/01, 12:31:23.834, 69165432014, vstest.console.dll, Failed to load assembly Microsoft.VisualStudio.TestPlatform.Fakes, Version=17.0.0.0, Culture=neutral. Reason:System.IO.FileNotFoundException: Could not load file or assembly 'Microsoft.VisualStudio.TestPlatform.Fakes, Version=17.0.0.0, Culture=neutral, PublicKeyToken=null'. The system cannot find the file specified.
File name: 'Microsoft.VisualStudio.TestPlatform.Fakes, Version=17.0.0.0, Culture=neutral, PublicKeyToken=null'
   at System.Reflection.RuntimeAssembly.InternalLoad(AssemblyName assemblyName, StackCrawlMark& stackMark, AssemblyLoadContext assemblyLoadContext, RuntimeAssembly requestingAssembly, Boolean throwOnFileNotFound)
   at System.Reflection.Assembly.Load(AssemblyName assemblyRef)
   at Microsoft.VisualStudio.TestPlatform.Common.Utilities.FakesUtilities.LoadTestPlatformAssembly() in /_/src/Microsoft.TestPlatform.Common/Utilities/FakesUtilities.cs:line 272
TpTrace Verbose: 0 : 12864, 1, 2024/04/01, 12:31:23.842, 69165513838, vstest.console.dll, TestPluginCache.DiscoverTestExtensions: finding test extensions in assemblies ends with: TestLogger.dll TPluginInfo: Microsoft.VisualStudio.TestPlatform.Common.ExtensionFramework.Utilities.TestLoggerPluginInformation TExtension: Microsoft.VisualStudio.TestPlatform.ObjectModel.Client.ITestLogger
TpTrace Verbose: 0 : 12864, 1, 2024/04/01, 12:31:23.842, 69165515671, vstest.console.dll, TestPluginCache.GetExtensionPaths: Filtered extension paths: 
TpTrace Verbose: 0 : 12864, 1, 2024/04/01, 12:31:23.842, 69165516165, vstest.console.dll, TestPluginCache.GetExtensionPaths: Added default extension paths: C:\Program Files\dotnet\sdk\8.0.200\Extensions\Microsoft.Diagnostics.NETCore.Client.dll
C:\Program Files\dotnet\sdk\8.0.200\Extensions\Microsoft.TestPlatform.Extensions.BlameDataCollector.dll
C:\Program Files\dotnet\sdk\8.0.200\Extensions\Microsoft.TestPlatform.Extensions.EventLogCollector.dll
C:\Program Files\dotnet\sdk\8.0.200\Extensions\Microsoft.TestPlatform.TestHostRuntimeProvider.dll
C:\Program Files\dotnet\sdk\8.0.200\Extensions\Microsoft.VisualStudio.TestPlatform.Extensions.Html.TestLogger.dll
C:\Program Files\dotnet\sdk\8.0.200\Extensions\Microsoft.VisualStudio.TestPlatform.Extensions.Trx.TestLogger.dll
TpTrace Verbose: 0 : 12864, 1, 2024/04/01, 12:31:23.842, 69165516588, vstest.console.dll, TestPluginCache.GetExtensionPaths: Added unfilterableExtensionPaths: 
TpTrace Information: 0 : 12864, 1, 2024/04/01, 12:31:23.843, 69165518493, vstest.console.dll, AssemblyResolver.AddSearchDirectories: Adding more searchDirectories C:\Program Files\dotnet\sdk\8.0.200\Extensions,C:\Program Files\dotnet\sdk\8.0.200
TpTrace Verbose: 0 : 12864, 1, 2024/04/01, 12:31:23.843, 69165519122, vstest.console.dll, TestPluginCache.DiscoverTestExtensions: Discovering the extensions using extension path.
TpTrace Verbose: 0 : 12864, 1, 2024/04/01, 12:31:23.843, 69165519589, vstest.console.dll, TestPluginCache.GetExtensionPaths: Filtered extension paths: 
TpTrace Verbose: 0 : 12864, 1, 2024/04/01, 12:31:23.843, 69165519975, vstest.console.dll, TestPluginCache.GetExtensionPaths: Added default extension paths: C:\Program Files\dotnet\sdk\8.0.200\Extensions\Microsoft.Diagnostics.NETCore.Client.dll
C:\Program Files\dotnet\sdk\8.0.200\Extensions\Microsoft.TestPlatform.Extensions.BlameDataCollector.dll
C:\Program Files\dotnet\sdk\8.0.200\Extensions\Microsoft.TestPlatform.Extensions.EventLogCollector.dll
C:\Program Files\dotnet\sdk\8.0.200\Extensions\Microsoft.TestPlatform.TestHostRuntimeProvider.dll
C:\Program Files\dotnet\sdk\8.0.200\Extensions\Microsoft.VisualStudio.TestPlatform.Extensions.Html.TestLogger.dll
C:\Program Files\dotnet\sdk\8.0.200\Extensions\Microsoft.VisualStudio.TestPlatform.Extensions.Trx.TestLogger.dll
TpTrace Verbose: 0 : 12864, 1, 2024/04/01, 12:31:23.843, 69165520380, vstest.console.dll, TestPluginCache.GetExtensionPaths: Added unfilterableExtensionPaths: 
TpTrace Verbose: 0 : 12864, 1, 2024/04/01, 12:31:23.843, 69165521270, vstest.console.dll, TestPluginCache.DiscoverTestExtensions: Discovering the extensions using allExtensionPaths: C:\Program Files\dotnet\sdk\8.0.200\Extensions\Microsoft.Diagnostics.NETCore.Client.dll
C:\Program Files\dotnet\sdk\8.0.200\Extensions\Microsoft.TestPlatform.Extensions.BlameDataCollector.dll
C:\Program Files\dotnet\sdk\8.0.200\Extensions\Microsoft.TestPlatform.Extensions.EventLogCollector.dll
C:\Program Files\dotnet\sdk\8.0.200\Extensions\Microsoft.TestPlatform.TestHostRuntimeProvider.dll
C:\Program Files\dotnet\sdk\8.0.200\Extensions\Microsoft.VisualStudio.TestPlatform.Extensions.Html.TestLogger.dll
C:\Program Files\dotnet\sdk\8.0.200\Extensions\Microsoft.VisualStudio.TestPlatform.Extensions.Trx.TestLogger.dll
TpTrace Information: 0 : 12864, 1, 2024/04/01, 12:31:23.843, 69165521950, vstest.console.dll, AssemblyResolver.AddSearchDirectories: Adding more searchDirectories C:\Program Files\dotnet\sdk\8.0.200\Extensions,C:\Program Files\dotnet\sdk\8.0.200
TpTrace Information: 0 : 12864, 1, 2024/04/01, 12:31:23.843, 69165522407, vstest.console.dll, AssemblyResolver.AddSearchDirectories: Adding more searchDirectories C:\Program Files\dotnet\sdk\8.0.200\Extensions,C:\Program Files\dotnet\sdk\8.0.200
TpTrace Information: 0 : 12864, 1, 2024/04/01, 12:31:23.843, 69165522811, vstest.console.dll, AssemblyResolver.AddSearchDirectories: Adding more searchDirectories C:\Program Files\dotnet\sdk\8.0.200\Extensions,C:\Program Files\dotnet\sdk\8.0.200
TpTrace Information: 0 : 12864, 1, 2024/04/01, 12:31:23.843, 69165523216, vstest.console.dll, AssemblyResolver.AddSearchDirectories: Adding more searchDirectories C:\Program Files\dotnet\sdk\8.0.200\Extensions,C:\Program Files\dotnet\sdk\8.0.200
TpTrace Information: 0 : 12864, 1, 2024/04/01, 12:31:23.843, 69165523614, vstest.console.dll, AssemblyResolver.AddSearchDirectories: Adding more searchDirectories C:\Program Files\dotnet\sdk\8.0.200\Extensions,C:\Program Files\dotnet\sdk\8.0.200
TpTrace Information: 0 : 12864, 1, 2024/04/01, 12:31:23.843, 69165524006, vstest.console.dll, AssemblyResolver.AddSearchDirectories: Adding more searchDirectories C:\Program Files\dotnet\sdk\8.0.200\Extensions,C:\Program Files\dotnet\sdk\8.0.200
TpTrace Verbose: 0 : 12864, 1, 2024/04/01, 12:31:23.843, 69165525624, vstest.console.dll, MetadataReaderExtensionsHelper: Discovering extensions inside assembly 'Microsoft.Diagnostics.NETCore.Client, Version=0.2.9.2401, Culture=neutral, PublicKeyToken=31bf3856ad364e35' file path 'C:\Program Files\dotnet\sdk\8.0.200\Extensions\Microsoft.Diagnostics.NETCore.Client.dll'
TpTrace Information: 0 : 12864, 1, 2024/04/01, 12:31:23.844, 69165535881, vstest.console.dll, AssemblyResolver.OnResolve: Microsoft.Bcl.AsyncInterfaces: Resolving assembly.
TpTrace Information: 0 : 12864, 1, 2024/04/01, 12:31:23.844, 69165536784, vstest.console.dll, AssemblyResolver.OnResolve: Microsoft.Bcl.AsyncInterfaces: Resolved from cache.
TpTrace Verbose: 0 : 12864, 1, 2024/04/01, 12:31:23.844, 69165537442, vstest.console.dll, CurrentDomainAssemblyResolve: Resolving assembly 'Microsoft.Bcl.AsyncInterfaces'.
TpTrace Information: 0 : 12864, 1, 2024/04/01, 12:31:23.845, 69165538085, vstest.console.dll, AssemblyResolver.OnResolve: Microsoft.Bcl.AsyncInterfaces: Resolving assembly.
TpTrace Information: 0 : 12864, 1, 2024/04/01, 12:31:23.845, 69165538484, vstest.console.dll, AssemblyResolver.OnResolve: Microsoft.Bcl.AsyncInterfaces: Resolved from cache.
TpTrace Verbose: 0 : 12864, 1, 2024/04/01, 12:31:23.845, 69165538847, vstest.console.dll, CurrentDomainAssemblyResolve: Resolving assembly 'Microsoft.Bcl.AsyncInterfaces'.
TpTrace Verbose: 0 : 12864, 1, 2024/04/01, 12:31:23.845, 69165539227, vstest.console.dll, CurrentDomainAssemblyResolve: Failed to resolve assembly 'Microsoft.Bcl.AsyncInterfaces'.
TpTrace Verbose: 0 : 12864, 1, 2024/04/01, 12:31:23.845, 69165540916, vstest.console.dll, CurrentDomainAssemblyResolve: Failed to resolve assembly 'Microsoft.Bcl.AsyncInterfaces'.
TpTrace Warning: 0 : 12864, 1, 2024/04/01, 12:31:23.845, 69165545559, vstest.console.dll, TestPluginDiscoverer: Failed to get types from assembly 'Microsoft.Diagnostics.NETCore.Client, Version=0.2.9.2401, Culture=neutral, PublicKeyToken=31bf3856ad364e35'. Error: System.Reflection.ReflectionTypeLoadException: Unable to load one or more of the requested types.
Could not load file or assembly 'Microsoft.Bcl.AsyncInterfaces, Version=6.0.0.0, Culture=neutral, PublicKeyToken=cc7b13ffcd2ddd51'. The system cannot find the file specified.
   at System.Reflection.RuntimeModule.GetTypes(RuntimeModule module)
   at System.Reflection.RuntimeModule.GetTypes()
   at Microsoft.VisualStudio.TestPlatform.Common.ExtensionFramework.TestPluginDiscoverer.GetTestExtensionsFromAssembly[TPluginInfo,TExtension](Assembly assembly, Dictionary`2 pluginInfos, String filePath) in /_/src/Microsoft.TestPlatform.Common/ExtensionFramework/TestPluginDiscoverer.cs:line 158
System.IO.FileNotFoundException: Could not load file or assembly 'Microsoft.Bcl.AsyncInterfaces, Version=6.0.0.0, Culture=neutral, PublicKeyToken=cc7b13ffcd2ddd51'. The system cannot find the file specified.
File name: 'Microsoft.Bcl.AsyncInterfaces, Version=6.0.0.0, Culture=neutral, PublicKeyToken=cc7b13ffcd2ddd51'
 ---> System.IO.FileNotFoundException: Could not load file or assembly 'Microsoft.Bcl.AsyncInterfaces, Culture=neutral, PublicKeyToken=null'. The system cannot find the file specified.
File name: 'Microsoft.Bcl.AsyncInterfaces, Culture=neutral, PublicKeyToken=null'
   at System.Reflection.RuntimeAssembly.InternalLoad(AssemblyName assemblyName, StackCrawlMark& stackMark, AssemblyLoadContext assemblyLoadContext, RuntimeAssembly requestingAssembly, Boolean throwOnFileNotFound)
   at System.Reflection.Assembly.Load(AssemblyName assemblyRef)
   at Microsoft.VisualStudio.TestPlatform.Common.ExtensionFramework.TestPluginCache.CurrentDomainAssemblyResolve(Object sender, AssemblyResolveEventArgs args) in /_/src/Microsoft.TestPlatform.Common/ExtensionFramework/TestPluginCache.cs:line 513
   at System.Runtime.Loader.AssemblyLoadContext.GetFirstResolvedAssemblyFromResolvingEvent(AssemblyName assemblyName)
   at System.Runtime.Loader.AssemblyLoadContext.ResolveUsingEvent(AssemblyName assemblyName)
   at System.Runtime.Loader.AssemblyLoadContext.ResolveUsingResolvingEvent(IntPtr gchManagedAssemblyLoadContext, AssemblyName assemblyName)
TpTrace Warning: 0 : 12864, 1, 2024/04/01, 12:31:23.845, 69165547395, vstest.console.dll, LoaderExceptions: System.IO.FileNotFoundException: Could not load file or assembly 'Microsoft.Bcl.AsyncInterfaces, Version=6.0.0.0, Culture=neutral, PublicKeyToken=cc7b13ffcd2ddd51'. The system cannot find the file specified.
File name: 'Microsoft.Bcl.AsyncInterfaces, Version=6.0.0.0, Culture=neutral, PublicKeyToken=cc7b13ffcd2ddd51'
 ---> System.IO.FileNotFoundException: Could not load file or assembly 'Microsoft.Bcl.AsyncInterfaces, Culture=neutral, PublicKeyToken=null'. The system cannot find the file specified.
File name: 'Microsoft.Bcl.AsyncInterfaces, Culture=neutral, PublicKeyToken=null'
   at System.Reflection.RuntimeAssembly.InternalLoad(AssemblyName assemblyName, StackCrawlMark& stackMark, AssemblyLoadContext assemblyLoadContext, RuntimeAssembly requestingAssembly, Boolean throwOnFileNotFound)
   at System.Reflection.Assembly.Load(AssemblyName assemblyRef)
   at Microsoft.VisualStudio.TestPlatform.Common.ExtensionFramework.TestPluginCache.CurrentDomainAssemblyResolve(Object sender, AssemblyResolveEventArgs args) in /_/src/Microsoft.TestPlatform.Common/ExtensionFramework/TestPluginCache.cs:line 513
   at System.Runtime.Loader.AssemblyLoadContext.GetFirstResolvedAssemblyFromResolvingEvent(AssemblyName assemblyName)
   at System.Runtime.Loader.AssemblyLoadContext.ResolveUsingEvent(AssemblyName assemblyName)
   at System.Runtime.Loader.AssemblyLoadContext.ResolveUsingResolvingEvent(IntPtr gchManagedAssemblyLoadContext, AssemblyName assemblyName)
TpTrace Verbose: 0 : 12864, 1, 2024/04/01, 12:31:23.846, 69165548391, vstest.console.dll, MetadataReaderExtensionsHelper: Discovering extensions inside assembly 'Microsoft.TestPlatform.Extensions.BlameDataCollector, Version=15.0.0.0, Culture=neutral, PublicKeyToken=b03f5f7f11d50a3a' file path 'C:\Program Files\dotnet\sdk\8.0.200\Extensions\Microsoft.TestPlatform.Extensions.BlameDataCollector.dll'
TpTrace Information: 0 : 12864, 1, 2024/04/01, 12:31:23.847, 69165558446, vstest.console.dll, GetTestExtensionFromType: Register extension with identifier data 'logger://Microsoft/TestPlatform/Extensions/Blame/v1' and type 'Microsoft.TestPlatform.Extensions.BlameDataCollector.BlameLogger, Microsoft.TestPlatform.Extensions.BlameDataCollector, Version=15.0.0.0, Culture=neutral, PublicKeyToken=b03f5f7f11d50a3a' inside file 'C:\Program Files\dotnet\sdk\8.0.200\Extensions\Microsoft.TestPlatform.Extensions.BlameDataCollector.dll'
TpTrace Verbose: 0 : 12864, 1, 2024/04/01, 12:31:23.847, 69165559770, vstest.console.dll, MetadataReaderExtensionsHelper: Discovering extensions inside assembly 'Microsoft.TestPlatform.Extensions.EventLogCollector, Version=15.0.0.0, Culture=neutral, PublicKeyToken=b03f5f7f11d50a3a' file path 'C:\Program Files\dotnet\sdk\8.0.200\Extensions\Microsoft.TestPlatform.Extensions.EventLogCollector.dll'
TpTrace Verbose: 0 : 12864, 1, 2024/04/01, 12:31:23.848, 69165568495, vstest.console.dll, MetadataReaderExtensionsHelper: Discovering extensions inside assembly 'Microsoft.TestPlatform.TestHostRuntimeProvider, Version=15.0.0.0, Culture=neutral, PublicKeyToken=b03f5f7f11d50a3a' file path 'C:\Program Files\dotnet\sdk\8.0.200\Extensions\Microsoft.TestPlatform.TestHostRuntimeProvider.dll'
TpTrace Verbose: 0 : 12864, 1, 2024/04/01, 12:31:23.849, 69165577590, vstest.console.dll, MetadataReaderExtensionsHelper: Discovering extensions inside assembly 'Microsoft.VisualStudio.TestPlatform.Extensions.Html.TestLogger, Version=15.0.0.0, Culture=neutral, PublicKeyToken=b03f5f7f11d50a3a' file path 'C:\Program Files\dotnet\sdk\8.0.200\Extensions\Microsoft.VisualStudio.TestPlatform.Extensions.Html.TestLogger.dll'
TpTrace Information: 0 : 12864, 1, 2024/04/01, 12:31:23.850, 69165589331, vstest.console.dll, GetTestExtensionFromType: Register extension with identifier data 'logger://Microsoft/TestPlatform/HtmlLogger/v1' and type 'Microsoft.VisualStudio.TestPlatform.Extensions.HtmlLogger.HtmlLogger, Microsoft.VisualStudio.TestPlatform.Extensions.Html.TestLogger, Version=15.0.0.0, Culture=neutral, PublicKeyToken=b03f5f7f11d50a3a' inside file 'C:\Program Files\dotnet\sdk\8.0.200\Extensions\Microsoft.VisualStudio.TestPlatform.Extensions.Html.TestLogger.dll'
TpTrace Verbose: 0 : 12864, 1, 2024/04/01, 12:31:23.850, 69165590620, vstest.console.dll, MetadataReaderExtensionsHelper: Discovering extensions inside assembly 'Microsoft.VisualStudio.TestPlatform.Extensions.Trx.TestLogger, Version=15.0.0.0, Culture=neutral, PublicKeyToken=b03f5f7f11d50a3a' file path 'C:\Program Files\dotnet\sdk\8.0.200\Extensions\Microsoft.VisualStudio.TestPlatform.Extensions.Trx.TestLogger.dll'
TpTrace Information: 0 : 12864, 1, 2024/04/01, 12:31:23.851, 69165603873, vstest.console.dll, GetTestExtensionFromType: Register extension with identifier data 'logger://Microsoft/TestPlatform/TrxLogger/v1' and type 'Microsoft.VisualStudio.TestPlatform.Extensions.TrxLogger.TrxLogger, Microsoft.VisualStudio.TestPlatform.Extensions.Trx.TestLogger, Version=15.0.0.0, Culture=neutral, PublicKeyToken=b03f5f7f11d50a3a' inside file 'C:\Program Files\dotnet\sdk\8.0.200\Extensions\Microsoft.VisualStudio.TestPlatform.Extensions.Trx.TestLogger.dll'
TpTrace Verbose: 0 : 12864, 1, 2024/04/01, 12:31:23.851, 69165605729, vstest.console.dll, TestPluginCache: Discovered the extensions using extension path ''.
TpTrace Verbose: 0 : 12864, 1, 2024/04/01, 12:31:23.851, 69165607014, vstest.console.dll, TestPluginCache: Discoverers are ''.
TpTrace Verbose: 0 : 12864, 1, 2024/04/01, 12:31:23.852, 69165607805, vstest.console.dll, TestPluginCache: Executors are ''.
TpTrace Verbose: 0 : 12864, 1, 2024/04/01, 12:31:23.852, 69165608350, vstest.console.dll, TestPluginCache: Executors2 are ''.
TpTrace Verbose: 0 : 12864, 1, 2024/04/01, 12:31:23.852, 69165609234, vstest.console.dll, TestPluginCache: Setting providers are ''.
TpTrace Verbose: 0 : 12864, 1, 2024/04/01, 12:31:23.852, 69165615556, vstest.console.dll, TestPluginCache: Loggers are 'logger://Microsoft/TestPlatform/Extensions/Blame/v1,logger://Microsoft/TestPlatform/HtmlLogger/v1,logger://Microsoft/TestPlatform/TrxLogger/v1'.
TpTrace Verbose: 0 : 12864, 1, 2024/04/01, 12:31:23.852, 69165616666, vstest.console.dll, TestPluginCache: TestHosts are 'HostProvider://DefaultTestHost,HostProvider://DotnetTestHost'.
TpTrace Verbose: 0 : 12864, 1, 2024/04/01, 12:31:23.852, 69165617124, vstest.console.dll, TestPluginCache: DataCollectors are ''.
TpTrace Information: 0 : 12864, 1, 2024/04/01, 12:31:23.854, 69165628551, vstest.console.dll, TestPluginManager.CreateTestExtension: Attempting to load test extension: Microsoft.TestPlatform.Extensions.BlameDataCollector.BlameLogger
TpTrace Verbose: 0 : 12864, 1, 2024/04/01, 12:31:23.870, 69165793486, vstest.console.dll, TestEngine: Initializing Parallel Execution as MaxCpuCount is set to: 1
TpTrace Information: 0 : 12864, 1, 2024/04/01, 12:31:23.872, 69165813561, vstest.console.dll, TestPluginManager.CreateTestExtension: Attempting to load test extension: Microsoft.VisualStudio.TestPlatform.CrossPlatEngine.Hosting.DefaultTestHostManager
TpTrace Information: 0 : 12864, 1, 2024/04/01, 12:31:23.874, 69165832347, vstest.console.dll, TestPluginManager.CreateTestExtension: Attempting to load test extension: Microsoft.VisualStudio.TestPlatform.CrossPlatEngine.Hosting.DotnetTestHostManager
TpTrace Information: 0 : 12864, 1, 2024/04/01, 12:31:23.875, 69165840350, vstest.console.dll, InferRunSettingsHelper.IsTestSettingsEnabled: Unable to navigate to RunSettings/MSTest. Current node: RunSettings
TpTrace Verbose: 0 : 12864, 1, 2024/04/01, 12:31:23.876, 69165852404, vstest.console.dll, ParallelOperationManager.ClearSlots: Clearing all slots. Slots should accept more work: True
TpTrace Verbose: 0 : 12864, 1, 2024/04/01, 12:31:23.877, 69165860905, vstest.console.dll, ParallelOperationManager.SetOccupiedSlotCount: Setting slot counts AvailableSlotCount = 3, OccupiedSlotCount = 0.
TpTrace Verbose: 0 : 12864, 1, 2024/04/01, 12:31:23.877, 69165865308, vstest.console.dll, Occupied slots:

TpTrace Verbose: 0 : 12864, 1, 2024/04/01, 12:31:23.881, 69165903727, vstest.console.dll, TestEngine.GetExecutionManager: Chosen execution manager 'Microsoft.VisualStudio.TestPlatform.CrossPlatEngine.Client.Parallel.ParallelProxyExecutionManager, Microsoft.TestPlatform.CrossPlatEngine, Version=15.0.0.0, Culture=neutral, PublicKeyToken=b03f5f7f11d50a3a' ParallelLevel '1'.
TpTrace Verbose: 0 : 12864, 1, 2024/04/01, 12:31:23.881, 69165905719, vstest.console.dll, TestRunRequest.ExecuteAsync: Creating test run request.
TpTrace Verbose: 0 : 12864, 1, 2024/04/01, 12:31:23.882, 69165908707, vstest.console.dll, TestRunRequest.ExecuteAsync: Starting.
TpTrace Information: 0 : 12864, 1, 2024/04/01, 12:31:23.883, 69165922957, vstest.console.dll, TestRunRequest.ExecuteAsync: Starting run with settings:TestRunCriteria:
   KeepAlive=False,FrequencyOfRunStatsChangeEvent=10,RunStatsChangeEventTimeout=00:00:01.5000000,TestCaseFilter=,TestExecutorLauncher=
   Settingsxml=<RunSettings>
  <RunConfiguration>
    <ResultsDirectory>F:\Back End 2\12-Continuous-Integration-II-Resources\12-Continuous-Integration-II-Resources\02-House-Renting-System-App\HouseRentingSystem.Tests\bin\Debug\net6.0\fine-code-coverage\coverage-tool-output</ResultsDirectory>
    <TargetPlatform>X64</TargetPlatform>
    <TargetFrameworkVersion>.NETCoreApp,Version=v6.0</TargetFrameworkVersion>
    <DesignMode>False</DesignMode>
    <CollectSourceInformation>False</CollectSourceInformation>
  </RunConfiguration>
  <LoggerRunSettings>
    <Loggers>
      <Logger friendlyName="blame" enabled="True" />
      <Logger friendlyName="Console" uri="logger://microsoft/TestPlatform/ConsoleLogger/v1" assemblyQualifiedName="Microsoft.VisualStudio.TestPlatform.CommandLine.Internal.ConsoleLogger, vstest.console, Version=15.0.0.0, Culture=neutral, PublicKeyToken=b03f5f7f11d50a3a" codeBase="C:\Program Files\dotnet\sdk\8.0.200\vstest.console.dll" enabled="True" />
    </Loggers>
  </LoggerRunSettings>
  <DataCollectionRunSettings>
    <DataCollectors>
      <DataCollector friendlyName="blame" enabled="True">
        <Configuration>
          <ResultsDirectory>F:\Back End 2\12-Continuous-Integration-II-Resources\12-Continuous-Integration-II-Resources\02-House-Renting-System-App\HouseRentingSystem.Tests\bin\Debug\net6.0\fine-code-coverage\coverage-tool-output</ResultsDirectory>
        </Configuration>
      </DataCollector>
    </DataCollectors>
  </DataCollectionRunSettings>
</RunSettings>

TpTrace Verbose: 0 : 12864, 1, 2024/04/01, 12:31:23.883, 69165923782, vstest.console.dll, TestRunRequest.ExecuteAsync: Wait for the first run request is over.
TpTrace Verbose: 0 : 12864, 1, 2024/04/01, 12:31:23.884, 69165929008, vstest.console.dll, MulticastDelegateUtilities.SafeInvoke: TestRun.TestRunStart: Invoking callbacks was skipped because there are no subscribers.
TpTrace Verbose: 0 : 12864, 4, 2024/04/01, 12:31:23.884, 69165932543, vstest.console.dll, MulticastDelegateUtilities.SafeInvoke: InternalTestLoggerEvents.SendTestRunStart: Invoking callback 1/1 for Microsoft.VisualStudio.TestPlatform.CommandLine.Internal.ConsoleLogger., took 0 ms.
TpTrace Verbose: 0 : 12864, 1, 2024/04/01, 12:31:23.885, 69165946230, vstest.console.dll, ParallelProxyExecutionManager: Start execution. Total sources: 1
TpTrace Verbose: 0 : 12864, 1, 2024/04/01, 12:31:23.886, 69165950685, vstest.console.dll, ParallelOperationManager.StartWork: Starting adding 1 workloads.
TpTrace Verbose: 0 : 12864, 1, 2024/04/01, 12:31:23.886, 69165951560, vstest.console.dll, ParallelOperationManager.ClearSlots: Clearing all slots. Slots should accept more work: True
TpTrace Verbose: 0 : 12864, 1, 2024/04/01, 12:31:23.886, 69165952379, vstest.console.dll, ParallelOperationManager.SetOccupiedSlotCount: Setting slot counts AvailableSlotCount = 3, OccupiedSlotCount = 0.
TpTrace Verbose: 0 : 12864, 1, 2024/04/01, 12:31:23.886, 69165952879, vstest.console.dll, Occupied slots:

TpTrace Verbose: 0 : 12864, 1, 2024/04/01, 12:31:23.888, 69165971315, vstest.console.dll, TestRequestSender is acting as server.
TpTrace Verbose: 0 : 12864, 1, 2024/04/01, 12:31:23.890, 69165990085, vstest.console.dll, ParallelOperationManager.RunWorkInParallel: Adding 1 workload to slot, remaining workloads 0.
TpTrace Verbose: 0 : 12864, 1, 2024/04/01, 12:31:23.890, 69165991191, vstest.console.dll, ParallelOperationManager.SetOccupiedSlotCount: Setting slot counts AvailableSlotCount = 2, OccupiedSlotCount = 1.
TpTrace Verbose: 0 : 12864, 1, 2024/04/01, 12:31:23.890, 69165992616, vstest.console.dll, Occupied slots:
0: F:\Back End 2\12-Continuous-Integration-II-Resources\12-Continuous-Integration-II-Resources\02-House-Renting-System-App\HouseRentingSystem.Tests\bin\Debug\net6.0\fine-code-coverage\build-output\HouseRentingSystem.Tests.dll
TpTrace Verbose: 0 : 12864, 1, 2024/04/01, 12:31:23.892, 69166015117, vstest.console.dll, ParallelOperationManager.RunWorkInParallel: Started host in slot number 0 for work (source): F:\Back End 2\12-Continuous-Integration-II-Resources\12-Continuous-Integration-II-Resources\02-House-Renting-System-App\HouseRentingSystem.Tests\bin\Debug\net6.0\fine-code-coverage\build-output\HouseRentingSystem.Tests.dll.
TpTrace Verbose: 0 : 12864, 1, 2024/04/01, 12:31:23.893, 69166027347, vstest.console.dll, ParallelOperationManager.RunWorkInParallel: We started 1 work items, which is the max parallel level. Won't start more work.
TpTrace Verbose: 0 : 12864, 1, 2024/04/01, 12:31:23.894, 69166028928, vstest.console.dll, ParallelOperationManager.RunWorkInParallel: We started 1 work items in here, returning True.
TpTrace Verbose: 0 : 12864, 5, 2024/04/01, 12:31:23.894, 69166029722, vstest.console.dll, ParallelProxyExecutionManager.StartTestRunOnConcurrentManager: Initializing uninitialized client. Started clients: 0
TpTrace Information: 0 : 12864, 1, 2024/04/01, 12:31:23.894, 69166029797, vstest.console.dll, TestRunRequest.ExecuteAsync: Started.
TpTrace Verbose: 0 : 12864, 5, 2024/04/01, 12:31:23.894, 69166032108, vstest.console.dll, DataCollectionRequestSender.InitializeCommunication : Initialize communication. 
TpTrace Verbose: 0 : 12864, 1, 2024/04/01, 12:31:23.895, 69166039578, vstest.console.dll, TestRunRequest.WaitForCompletion: Waiting with timeout -1.
TpTrace Information: 0 : 12864, 5, 2024/04/01, 12:31:23.905, 69166147042, vstest.console.dll, Listening on Endpoint : 127.0.0.1:52447
TpTrace Verbose: 0 : 12864, 5, 2024/04/01, 12:31:23.913, 69166227510, vstest.console.dll, DotnetDataCollectionLauncher: Adding  --runtimeconfig "C:\Program Files\dotnet\sdk\8.0.200\datacollector.runtimeconfig.json" in args
TpTrace Verbose: 0 : 12864, 5, 2024/04/01, 12:31:23.914, 69166229529, vstest.console.dll, DotnetDataCollectionLauncher: Adding  --depsfile "C:\Program Files\dotnet\sdk\8.0.200\datacollector.deps.json" in args
TpTrace Verbose: 0 : 12864, 5, 2024/04/01, 12:31:23.914, 69166233651, vstest.console.dll, DotnetDataCollectionLauncher: Full path of dotnet.exe is C:\Program Files\dotnet\dotnet.exe
TpTrace Information: 0 : 12864, 5, 2024/04/01, 12:31:23.924, 69166328973, vstest.console.dll, ProxyDataCollectionManager.Initialize: Launched datacollector processId: 2324 port: 52447
TpTrace Information: 0 : 12864, 5, 2024/04/01, 12:31:23.924, 69166331112, vstest.console.dll, ProxyDataCollectionManager.Initialize: waiting for connection with timeout: 90 seconds
TpTrace Verbose: 0 : 12864, 5, 2024/04/01, 12:31:23.924, 69166332171, vstest.console.dll, DataCollectionRequestSender.WaitForRequestHandlerConnection : Waiting for connection with timeout: 90000
TpTrace Information: 0 : 12864, 7, 2024/04/01, 12:31:24.168, 69168774481, vstest.console.dll, Using the buffer size of 16384 bytes
TpTrace Verbose: 0 : 12864, 5, 2024/04/01, 12:31:24.168, 69168774668, vstest.console.dll, SocketCommunicationManager.WaitForClientConnection took: 244 ms, with 90000 ms timeout, and finished with True.
TpTrace Information: 0 : 12864, 7, 2024/04/01, 12:31:24.168, 69168776205, vstest.console.dll, Accepted Client request and set the flag
TpTrace Verbose: 0 : 12864, 5, 2024/04/01, 12:31:24.169, 69168778284, vstest.console.dll, ProxyDataCollectionManager.InvokeDataCollectionServiceAction: Starting.
TpTrace Information: 0 : 12864, 5, 2024/04/01, 12:31:24.169, 69168779739, vstest.console.dll, ProxyDataCollectionManager.BeforeTestRunStart: Get environment variable and port for datacollector processId: 2324 port: 52447
TpTrace Verbose: 0 : 12864, 5, 2024/04/01, 12:31:24.169, 69168781855, vstest.console.dll, DataCollectionRequestSender.SendBeforeTestRunStartAndGetResult: Send BeforeTestRunStart message with settingsXml <RunSettings><RunConfiguration><ResultsDirectory>F:\Back End 2\12-Continuous-Integration-II-Resources\12-Continuous-Integration-II-Resources\02-House-Renting-System-App\HouseRentingSystem.Tests\bin\Debug\net6.0\fine-code-coverage\coverage-tool-output</ResultsDirectory><TargetPlatform>X64</TargetPlatform><TargetFrameworkVersion>.NETCoreApp,Version=v6.0</TargetFrameworkVersion><DesignMode>False</DesignMode><CollectSourceInformation>False</CollectSourceInformation><TestAdaptersPaths>C:\Program Files\dotnet\sdk\8.0.200\Extensions</TestAdaptersPaths></RunConfiguration><LoggerRunSettings><Loggers><Logger friendlyName="blame" enabled="True" /><Logger friendlyName="Console" uri="logger://microsoft/TestPlatform/ConsoleLogger/v1" assemblyQualifiedName="Microsoft.VisualStudio.TestPlatform.CommandLine.Internal.ConsoleLogger, vstest.console, Version=15.0.0.0, Culture=neutral, PublicKeyToken=b03f5f7f11d50a3a" codeBase="C:\Program Files\dotnet\sdk\8.0.200\vstest.console.dll" enabled="True" /></Loggers></LoggerRunSettings><DataCollectionRunSettings><DataCollectors><DataCollector friendlyName="blame" enabled="True"><Configuration><ResultsDirectory>F:\Back End 2\12-Continuous-Integration-II-Resources\12-Continuous-Integration-II-Resources\02-House-Renting-System-App\HouseRentingSystem.Tests\bin\Debug\net6.0\fine-code-coverage\coverage-tool-output</ResultsDirectory></Configuration></DataCollector></DataCollectors></DataCollectionRunSettings></RunSettings> and sources System.Collections.Generic.List`1[System.String]: 
TpTrace Verbose: 0 : 12864, 5, 2024/04/01, 12:31:24.317, 69170266969, vstest.console.dll, DataCollectionRequestSender.SendBeforeTestRunStartAndGetResult: Received message: (DataCollection.SendMessage) -> {"MessageType":"DataCollection.SendMessage","Payload":{"FriendlyName":null,"Uri":null,"TestCaseId":"00000000-0000-0000-0000-000000000000","Message":"Logging DataCollector Diagnostics in file: F:\\Back End 2\\12-Continuous-Integration-II-Resources\\12-Continuous-Integration-II-Resources\\02-House-Renting-System-App\\HouseRentingSystem.Tests\\bin\\Debug\\net6.0\\fine-code-coverage\\coverage-tool-output\\diagnostics.datacollector.24-04-01_12-31-23_91356_5.log","Level":0}}
TpTrace Verbose: 0 : 12864, 5, 2024/04/01, 12:31:24.449, 69171579936, vstest.console.dll, DataCollectionRequestSender.SendBeforeTestRunStartAndGetResult: Received message: (DataCollection.BeforeTestRunStartResult) -> {"MessageType":"DataCollection.BeforeTestRunStartResult","Payload":{"EnvironmentVariables":{},"DataCollectionEventsPort":52449}}
TpTrace Information: 0 : 12864, 5, 2024/04/01, 12:31:24.456, 69171655748, vstest.console.dll, ProxyDataCollectionManager.BeforeTestRunStart: SendBeforeTestRunStartAndGetResult successful, env variable from datacollector:   and testhost port: 52449
TpTrace Information: 0 : 12864, 5, 2024/04/01, 12:31:24.456, 69171657160, vstest.console.dll, ProxyDataCollectionManager.InvokeDataCollectionServiceAction: Completed.
TpTrace Verbose: 0 : 12864, 5, 2024/04/01, 12:31:24.457, 69171657807, vstest.console.dll, ParallelProxyExecutionManager.StartTestRunOnConcurrentManager: Initializing test run. Started clients: 0
TpTrace Verbose: 0 : 12864, 5, 2024/04/01, 12:31:24.457, 69171659322, vstest.console.dll, ProxyExecutionManager: Test host is always Lazy initialize.
TpTrace Verbose: 0 : 12864, 5, 2024/04/01, 12:31:24.457, 69171662135, vstest.console.dll, TestRequestSender.InitializeCommunication: initialize communication. 
TpTrace Information: 0 : 12864, 5, 2024/04/01, 12:31:24.458, 69171671632, vstest.console.dll, SocketServer.Start: Listening on endpoint : 127.0.0.1:52450
TpTrace Verbose: 0 : 12864, 5, 2024/04/01, 12:31:24.459, 69171681979, vstest.console.dll, DotnetTestHostmanager.GetTestHostProcessStartInfo: Platform environment 'X64' target architecture 'X64' framework '.NETCoreApp,Version=v6.0' OS 'Windows'
TpTrace Verbose: 0 : 12864, 5, 2024/04/01, 12:31:24.459, 69171684505, vstest.console.dll, DotnetTestHostmanager: Adding  --runtimeconfig "F:\Back End 2\12-Continuous-Integration-II-Resources\12-Continuous-Integration-II-Resources\02-House-Renting-System-App\HouseRentingSystem.Tests\bin\Debug\net6.0\fine-code-coverage\build-output\HouseRentingSystem.Tests.runtimeconfig.json" in args
TpTrace Verbose: 0 : 12864, 5, 2024/04/01, 12:31:24.459, 69171685303, vstest.console.dll, DotnetTestHostmanager: Adding  --depsfile "F:\Back End 2\12-Continuous-Integration-II-Resources\12-Continuous-Integration-II-Resources\02-House-Renting-System-App\HouseRentingSystem.Tests\bin\Debug\net6.0\fine-code-coverage\build-output\HouseRentingSystem.Tests.deps.json" in args
TpTrace Verbose: 0 : 12864, 5, 2024/04/01, 12:31:24.459, 69171687378, vstest.console.dll, DotnetTestHostmanager.IsWinOnArm: Current PROCESSOR_ARCHITECTURE from environment variable 'AMD64'
TpTrace Verbose: 0 : 12864, 5, 2024/04/01, 12:31:24.460, 69171688179, vstest.console.dll, DotnetTestHostmanager.IsWinOnArm: Is Windows on ARM 'False'
TpTrace Verbose: 0 : 12864, 5, 2024/04/01, 12:31:24.460, 69171689460, vstest.console.dll, DotnetTestHostManager: testhost.exe found at path: F:\Back End 2\12-Continuous-Integration-II-Resources\12-Continuous-Integration-II-Resources\02-House-Renting-System-App\HouseRentingSystem.Tests\bin\Debug\net6.0\fine-code-coverage\build-output\testhost.exe
TpTrace Verbose: 0 : 12864, 5, 2024/04/01, 12:31:24.460, 69171690040, vstest.console.dll, DotnetTestHostmanager: Full path of host exe is F:\Back End 2\12-Continuous-Integration-II-Resources\12-Continuous-Integration-II-Resources\02-House-Renting-System-App\HouseRentingSystem.Tests\bin\Debug\net6.0\fine-code-coverage\build-output\testhost.exe
TpTrace Verbose: 0 : 12864, 5, 2024/04/01, 12:31:24.460, 69171691766, vstest.console.dll, DotnetTestHostmanager.LaunchTestHostAsync: Found 'VSTEST_WINAPPHOST_DOTNET_ROOT' in env variables, value 'C:\Program Files\dotnet', forwarding to 'DOTNET_ROOT'
TpTrace Verbose: 0 : 12864, 5, 2024/04/01, 12:31:24.460, 69171693889, vstest.console.dll, DotnetTestHostManager: Starting process 'F:\Back End 2\12-Continuous-Integration-II-Resources\12-Continuous-Integration-II-Resources\02-House-Renting-System-App\HouseRentingSystem.Tests\bin\Debug\net6.0\fine-code-coverage\build-output\testhost.exe' with command line ' --runtimeconfig "F:\Back End 2\12-Continuous-Integration-II-Resources\12-Continuous-Integration-II-Resources\02-House-Renting-System-App\HouseRentingSystem.Tests\bin\Debug\net6.0\fine-code-coverage\build-output\HouseRentingSystem.Tests.runtimeconfig.json" --depsfile "F:\Back End 2\12-Continuous-Integration-II-Resources\12-Continuous-Integration-II-Resources\02-House-Renting-System-App\HouseRentingSystem.Tests\bin\Debug\net6.0\fine-code-coverage\build-output\HouseRentingSystem.Tests.deps.json" --port 52450 --endpoint 127.0.0.1:052450 --role client --parentprocessid 12864 --diag "F:\Back End 2\12-Continuous-Integration-II-Resources\12-Continuous-Integration-II-Resources\02-House-Renting-System-App\HouseRentingSystem.Tests\bin\Debug\net6.0\fine-code-coverage\coverage-tool-output\diagnostics.host.24-04-01_12-31-24_45891_5.log" --tracelevel 4 --datacollectionport 52449 --telemetryoptedin false'
TpTrace Verbose: 0 : 12864, 5, 2024/04/01, 12:31:24.511, 69172199128, vstest.console.dll, MulticastDelegateUtilities.SafeInvoke: HostProviderEvents.OnHostLaunched: Invoking callback 1/2 for Microsoft.VisualStudio.TestPlatform.CrossPlatEngine.Client.ProxyExecutionManagerWithDataCollection., took 1 ms.
TpTrace Verbose: 0 : 12864, 5, 2024/04/01, 12:31:24.511, 69172204958, vstest.console.dll, Test Runtime launched
TpTrace Verbose: 0 : 12864, 5, 2024/04/01, 12:31:24.511, 69172206955, vstest.console.dll, MulticastDelegateUtilities.SafeInvoke: HostProviderEvents.OnHostLaunched: Invoking callback 2/2 for Microsoft.VisualStudio.TestPlatform.CrossPlatEngine.Client.ProxyOperationManager., took 0 ms.
TpTrace Verbose: 0 : 12864, 5, 2024/04/01, 12:31:24.512, 69172213892, vstest.console.dll, TestRequestSender.WaitForRequestHandlerConnection: waiting for connection with timeout: 90000.
TpTrace Verbose: 0 : 12864, 11, 2024/04/01, 12:31:24.811, 69175199431, vstest.console.dll, MulticastDelegateUtilities.SafeInvoke: SocketServer: ClientConnected: Invoking callback 1/1 for Microsoft.VisualStudio.TestPlatform.CommunicationUtilities.TestRequestSender., took 0 ms.
TpTrace Verbose: 0 : 12864, 5, 2024/04/01, 12:31:24.811, 69175199409, vstest.console.dll, TestRequestSender.WaitForRequestHandlerConnection: waiting took 298 ms, with timeout 90000 ms, and result 0, which is success.
TpTrace Verbose: 0 : 12864, 11, 2024/04/01, 12:31:24.811, 69175201826, vstest.console.dll, SocketServer.OnClientConnected: Client connected for endPoint: 127.0.0.1:52450, starting MessageLoopAsync:
TpTrace Verbose: 0 : 12864, 11, 2024/04/01, 12:31:24.812, 69175213335, vstest.console.dll, TcpClientExtensions.MessageLoopAsync: Polling on remoteEndPoint: 127.0.0.1:52451 localEndPoint: 127.0.0.1:52450 after 0 ms
TpTrace Verbose: 0 : 12864, 5, 2024/04/01, 12:31:24.813, 69175223754, vstest.console.dll, TestRequestSender.CheckVersionWithTestHost: Sending check version message: {"MessageType":"ProtocolVersion","Payload":7}
TpTrace Verbose: 0 : 12864, 11, 2024/04/01, 12:31:25.037, 69177458627, vstest.console.dll, TcpClientExtensions.MessageLoopAsync: NotifyDataAvailable remoteEndPoint: 127.0.0.1:52451 localEndPoint: 127.0.0.1:52450
TpTrace Verbose: 0 : 12864, 11, 2024/04/01, 12:31:25.037, 69177462283, vstest.console.dll, TestRequestSender.CheckVersionWithTestHost: onMessageReceived received message: (ProtocolVersion) -> {"MessageType":"ProtocolVersion","Payload":5}
TpTrace Verbose: 0 : 12864, 11, 2024/04/01, 12:31:25.039, 69177478811, vstest.console.dll, MulticastDelegateUtilities.SafeInvoke: LengthPrefixCommunicationChannel: MessageReceived: Invoking callback 1/1 for Microsoft.VisualStudio.TestPlatform.CommunicationUtilities.TestRequestSender+<>c__DisplayClass29_0., took 1 ms.
TpTrace Verbose: 0 : 12864, 11, 2024/04/01, 12:31:25.039, 69177481345, vstest.console.dll, TcpClientExtensions.MessageLoopAsync: Polling on remoteEndPoint: 127.0.0.1:52451 localEndPoint: 127.0.0.1:52450 after 226 ms
TpTrace Verbose: 0 : 12864, 5, 2024/04/01, 12:31:25.039, 69177482157, vstest.console.dll, TestPluginCache.GetExtensionPaths: Filtered extension paths: 
TpTrace Verbose: 0 : 12864, 5, 2024/04/01, 12:31:25.039, 69177483541, vstest.console.dll, TestPluginCache.GetExtensionPaths: Added default extension paths: C:\Program Files\dotnet\sdk\8.0.200\Extensions\Microsoft.Diagnostics.NETCore.Client.dll
C:\Program Files\dotnet\sdk\8.0.200\Extensions\Microsoft.TestPlatform.Extensions.BlameDataCollector.dll
C:\Program Files\dotnet\sdk\8.0.200\Extensions\Microsoft.TestPlatform.Extensions.EventLogCollector.dll
C:\Program Files\dotnet\sdk\8.0.200\Extensions\Microsoft.TestPlatform.TestHostRuntimeProvider.dll
C:\Program Files\dotnet\sdk\8.0.200\Extensions\Microsoft.VisualStudio.TestPlatform.Extensions.Html.TestLogger.dll
C:\Program Files\dotnet\sdk\8.0.200\Extensions\Microsoft.VisualStudio.TestPlatform.Extensions.Trx.TestLogger.dll
TpTrace Verbose: 0 : 12864, 5, 2024/04/01, 12:31:25.039, 69177484674, vstest.console.dll, TestPluginCache.GetExtensionPaths: Added unfilterableExtensionPaths: 
TpTrace Verbose: 0 : 12864, 5, 2024/04/01, 12:31:25.045, 69177541435, vstest.console.dll, TestRequestSender.InitializeExecution: Sending initialize execution with message: {"Version":5,"MessageType":"TestExecution.Initialize","Payload":["F:\\Back End 2\\12-Continuous-Integration-II-Resources\\12-Continuous-Integration-II-Resources\\02-House-Renting-System-App\\HouseRentingSystem.Tests\\bin\\Debug\\net6.0\\fine-code-coverage\\build-output\\NUnit3.TestAdapter.dll"]}
TpTrace Verbose: 0 : 12864, 5, 2024/04/01, 12:31:25.045, 69177544458, vstest.console.dll, ParallelProxyExecutionManager.StartTestRunOnConcurrentManager: Execution starting. Started clients: 1
TpTrace Verbose: 0 : 12864, 5, 2024/04/01, 12:31:25.046, 69177549273, vstest.console.dll, TestRunRequest:SendTestRunMessage: Starting.
TpTrace Verbose: 0 : 12864, 5, 2024/04/01, 12:31:25.046, 69177552226, vstest.console.dll, MulticastDelegateUtilities.SafeInvoke: TestRun.LogMessages: Invoking callback 1/1 for Microsoft.VisualStudio.TestPlatform.CommandLine.TestRunResultAggregator., took 0 ms.
TpTrace Information: 0 : 12864, 5, 2024/04/01, 12:31:25.046, 69177553334, vstest.console.dll, TestRunRequest:SendTestRunMessage: Completed.
TpTrace Verbose: 0 : 12864, 4, 2024/04/01, 12:31:25.046, 69177555280, vstest.console.dll, MulticastDelegateUtilities.SafeInvoke: InternalTestLoggerEvents.SendTestRunMessage: Invoking callback 1/1 for Microsoft.VisualStudio.TestPlatform.CommandLine.Internal.ConsoleLogger., took 0 ms.
TpTrace Warning: 0 : 12864, 5, 2024/04/01, 12:31:25.047, 69177558806, vstest.console.dll, InferRunSettingsHelper.MakeRunsettingsCompatible: Removing the following settings: TargetPlatform from RunSettings file. To use those settings please move to latest version of Microsoft.NET.Test.Sdk
TpTrace Verbose: 0 : 12864, 11, 2024/04/01, 12:31:25.057, 69177658642, vstest.console.dll, TcpClientExtensions.MessageLoopAsync: NotifyDataAvailable remoteEndPoint: 127.0.0.1:52451 localEndPoint: 127.0.0.1:52450
TpTrace Verbose: 0 : 12864, 11, 2024/04/01, 12:31:25.057, 69177664690, vstest.console.dll, TestRequestSender.OnExecutionMessageReceived: Received message: {"Version":5,"MessageType":"TestSession.Message","Payload":{"MessageLevel":0,"Message":"Logging TestHost Diagnostics in file: F:\\Back End 2\\12-Continuous-Integration-II-Resources\\12-Continuous-Integration-II-Resources\\02-House-Renting-System-App\\HouseRentingSystem.Tests\\bin\\Debug\\net6.0\\fine-code-coverage\\coverage-tool-output\\diagnostics.host.24-04-01_12-31-24_45891_5.log"}}
TpTrace Verbose: 0 : 12864, 5, 2024/04/01, 12:31:25.058, 69177668373, vstest.console.dll, TestRequestSender.StartTestRun: Sending test run with message: {"Version":5,"MessageType":"TestExecution.StartWithSources","Payload":{"AdapterSourceMap":{"_none_":["F:\\Back End 2\\12-Continuous-Integration-II-Resources\\12-Continuous-Integration-II-Resources\\02-House-Renting-System-App\\HouseRentingSystem.Tests\\bin\\Debug\\net6.0\\fine-code-coverage\\build-output\\HouseRentingSystem.Tests.dll"]},"RunSettings":"<RunSettings>\r\n  <RunConfiguration>\r\n    <ResultsDirectory>F:\\Back End 2\\12-Continuous-Integration-II-Resources\\12-Continuous-Integration-II-Resources\\02-House-Renting-System-App\\HouseRentingSystem.Tests\\bin\\Debug\\net6.0\\fine-code-coverage\\coverage-tool-output</ResultsDirectory>\r\n    <TargetFrameworkVersion>.NETCoreApp,Version=v6.0</TargetFrameworkVersion>\r\n    <DesignMode>False</DesignMode>\r\n    <CollectSourceInformation>False</CollectSourceInformation>\r\n  </RunConfiguration>\r\n  <LoggerRunSettings>\r\n    <Loggers>\r\n      <Logger friendlyName=\"blame\" enabled=\"True\" />\r\n      <Logger friendlyName=\"Console\" uri=\"logger://microsoft/TestPlatform/ConsoleLogger/v1\" assemblyQualifiedName=\"Microsoft.VisualStudio.TestPlatform.CommandLine.Internal.ConsoleLogger, vstest.console, Version=15.0.0.0, Culture=neutral, PublicKeyToken=b03f5f7f11d50a3a\" codeBase=\"C:\\Program Files\\dotnet\\sdk\\8.0.200\\vstest.console.dll\" enabled=\"True\" />\r\n    </Loggers>\r\n  </LoggerRunSettings>\r\n  <DataCollectionRunSettings>\r\n    <DataCollectors>\r\n      <DataCollector friendlyName=\"blame\" enabled=\"True\">\r\n        <Configuration>\r\n          <ResultsDirectory>F:\\Back End 2\\12-Continuous-Integration-II-Resources\\12-Continuous-Integration-II-Resources\\02-House-Renting-System-App\\HouseRentingSystem.Tests\\bin\\Debug\\net6.0\\fine-code-coverage\\coverage-tool-output</ResultsDirectory>\r\n        </Configuration>\r\n      </DataCollector>\r\n    </DataCollectors>\r\n  </DataCollectionRunSettings>\r\n</RunSettings>","TestExecutionContext":{"FrequencyOfRunStatsChangeEvent":10,"RunStatsChangeEventTimeout":"00:00:01.5000000","InIsolation":false,"KeepAlive":false,"AreTestCaseLevelEventsRequired":false,"IsDebug":false,"TestCaseFilter":null,"FilterOptions":null},"Package":null}}
TpTrace Verbose: 0 : 12864, 5, 2024/04/01, 12:31:25.058, 69177670614, vstest.console.dll, ParallelProxyExecutionManager.StartTestRunOnConcurrentManager: Execution started. Started clients: 1
TpTrace Verbose: 0 : 12864, 11, 2024/04/01, 12:31:25.063, 69177722749, vstest.console.dll, TestRunRequest:SendTestRunMessage: Starting.
TpTrace Verbose: 0 : 12864, 11, 2024/04/01, 12:31:25.063, 69177724707, vstest.console.dll, MulticastDelegateUtilities.SafeInvoke: TestRun.LogMessages: Invoking callback 1/1 for Microsoft.VisualStudio.TestPlatform.CommandLine.TestRunResultAggregator., took 0 ms.
TpTrace Verbose: 0 : 12864, 4, 2024/04/01, 12:31:25.063, 69177724750, vstest.console.dll, MulticastDelegateUtilities.SafeInvoke: InternalTestLoggerEvents.SendTestRunMessage: Invoking callback 1/1 for Microsoft.VisualStudio.TestPlatform.CommandLine.Internal.ConsoleLogger., took 0 ms.
TpTrace Information: 0 : 12864, 11, 2024/04/01, 12:31:25.063, 69177725736, vstest.console.dll, TestRunRequest:SendTestRunMessage: Completed.
TpTrace Verbose: 0 : 12864, 11, 2024/04/01, 12:31:25.064, 69177727967, vstest.console.dll, MulticastDelegateUtilities.SafeInvoke: LengthPrefixCommunicationChannel: MessageReceived: Invoking callback 1/1 for Microsoft.VisualStudio.TestPlatform.CommunicationUtilities.TestRequestSender+<>c__DisplayClass34_0., took 6 ms.
TpTrace Verbose: 0 : 12864, 11, 2024/04/01, 12:31:25.064, 69177728831, vstest.console.dll, TcpClientExtensions.MessageLoopAsync: Polling on remoteEndPoint: 127.0.0.1:52451 localEndPoint: 127.0.0.1:52450 after 24 ms
TpTrace Verbose: 0 : 12864, 11, 2024/04/01, 12:31:25.304, 69180135409, vstest.console.dll, TcpClientExtensions.MessageLoopAsync: NotifyDataAvailable remoteEndPoint: 127.0.0.1:52451 localEndPoint: 127.0.0.1:52450
TpTrace Verbose: 0 : 12864, 11, 2024/04/01, 12:31:25.305, 69180138042, vstest.console.dll, TestRequestSender.OnExecutionMessageReceived: Received message: {"Version":5,"MessageType":"TestSession.Message","Payload":{"MessageLevel":0,"Message":"NUnit Adapter 4.2.0.0: Test execution started"}}
TpTrace Verbose: 0 : 12864, 11, 2024/04/01, 12:31:25.305, 69180142041, vstest.console.dll, TestRunRequest:SendTestRunMessage: Starting.
TpTrace Verbose: 0 : 12864, 11, 2024/04/01, 12:31:25.305, 69180143693, vstest.console.dll, MulticastDelegateUtilities.SafeInvoke: TestRun.LogMessages: Invoking callback 1/1 for Microsoft.VisualStudio.TestPlatform.CommandLine.TestRunResultAggregator., took 0 ms.
TpTrace Verbose: 0 : 12864, 4, 2024/04/01, 12:31:25.305, 69180144134, vstest.console.dll, MulticastDelegateUtilities.SafeInvoke: InternalTestLoggerEvents.SendTestRunMessage: Invoking callback 1/1 for Microsoft.VisualStudio.TestPlatform.CommandLine.Internal.ConsoleLogger., took 0 ms.
TpTrace Information: 0 : 12864, 11, 2024/04/01, 12:31:25.305, 69180145447, vstest.console.dll, TestRunRequest:SendTestRunMessage: Completed.
TpTrace Verbose: 0 : 12864, 11, 2024/04/01, 12:31:25.305, 69180146445, vstest.console.dll, MulticastDelegateUtilities.SafeInvoke: LengthPrefixCommunicationChannel: MessageReceived: Invoking callback 1/1 for Microsoft.VisualStudio.TestPlatform.CommunicationUtilities.TestRequestSender+<>c__DisplayClass34_0., took 0 ms.
TpTrace Verbose: 0 : 12864, 11, 2024/04/01, 12:31:25.305, 69180147246, vstest.console.dll, TcpClientExtensions.MessageLoopAsync: Polling on remoteEndPoint: 127.0.0.1:52451 localEndPoint: 127.0.0.1:52450 after 241 ms
TpTrace Verbose: 0 : 12864, 11, 2024/04/01, 12:31:25.347, 69180566087, vstest.console.dll, TcpClientExtensions.MessageLoopAsync: NotifyDataAvailable remoteEndPoint: 127.0.0.1:52451 localEndPoint: 127.0.0.1:52450
TpTrace Verbose: 0 : 12864, 11, 2024/04/01, 12:31:25.348, 69180568227, vstest.console.dll, TestRequestSender.OnExecutionMessageReceived: Received message: {"Version":5,"MessageType":"TestSession.Message","Payload":{"MessageLevel":0,"Message":"Running all tests in F:\\Back End 2\\12-Continuous-Integration-II-Resources\\12-Continuous-Integration-II-Resources\\02-House-Renting-System-App\\HouseRentingSystem.Tests\\bin\\Debug\\net6.0\\fine-code-coverage\\build-output\\HouseRentingSystem.Tests.dll"}}
TpTrace Verbose: 0 : 12864, 11, 2024/04/01, 12:31:25.348, 69180570426, vstest.console.dll, TestRunRequest:SendTestRunMessage: Starting.
TpTrace Verbose: 0 : 12864, 11, 2024/04/01, 12:31:25.348, 69180571486, vstest.console.dll, MulticastDelegateUtilities.SafeInvoke: TestRun.LogMessages: Invoking callback 1/1 for Microsoft.VisualStudio.TestPlatform.CommandLine.TestRunResultAggregator., took 0 ms.
TpTrace Verbose: 0 : 12864, 4, 2024/04/01, 12:31:25.348, 69180571968, vstest.console.dll, MulticastDelegateUtilities.SafeInvoke: InternalTestLoggerEvents.SendTestRunMessage: Invoking callback 1/1 for Microsoft.VisualStudio.TestPlatform.CommandLine.Internal.ConsoleLogger., took 0 ms.
TpTrace Information: 0 : 12864, 11, 2024/04/01, 12:31:25.348, 69180572187, vstest.console.dll, TestRunRequest:SendTestRunMessage: Completed.
TpTrace Verbose: 0 : 12864, 11, 2024/04/01, 12:31:25.348, 69180573993, vstest.console.dll, MulticastDelegateUtilities.SafeInvoke: LengthPrefixCommunicationChannel: MessageReceived: Invoking callback 1/1 for Microsoft.VisualStudio.TestPlatform.CommunicationUtilities.TestRequestSender+<>c__DisplayClass34_0., took 0 ms.
TpTrace Verbose: 0 : 12864, 11, 2024/04/01, 12:31:25.348, 69180574708, vstest.console.dll, TcpClientExtensions.MessageLoopAsync: Polling on remoteEndPoint: 127.0.0.1:52451 localEndPoint: 127.0.0.1:52450 after 42 ms
TpTrace Verbose: 0 : 12864, 11, 2024/04/01, 12:31:25.610, 69183193791, vstest.console.dll, TcpClientExtensions.MessageLoopAsync: NotifyDataAvailable remoteEndPoint: 127.0.0.1:52451 localEndPoint: 127.0.0.1:52450
TpTrace Verbose: 0 : 12864, 11, 2024/04/01, 12:31:25.610, 69183196287, vstest.console.dll, TestRequestSender.OnExecutionMessageReceived: Received message: {"Version":5,"MessageType":"TestSession.Message","Payload":{"MessageLevel":0,"Message":"   NUnit3TestExecutor discovered 29 of 29 NUnit test cases using Current Discovery mode, Non-Explicit run"}}
TpTrace Verbose: 0 : 12864, 11, 2024/04/01, 12:31:25.611, 69183197961, vstest.console.dll, TestRunRequest:SendTestRunMessage: Starting.
TpTrace Verbose: 0 : 12864, 11, 2024/04/01, 12:31:25.611, 69183198872, vstest.console.dll, MulticastDelegateUtilities.SafeInvoke: TestRun.LogMessages: Invoking callback 1/1 for Microsoft.VisualStudio.TestPlatform.CommandLine.TestRunResultAggregator., took 0 ms.
TpTrace Information: 0 : 12864, 11, 2024/04/01, 12:31:25.611, 69183199530, vstest.console.dll, TestRunRequest:SendTestRunMessage: Completed.
TpTrace Verbose: 0 : 12864, 4, 2024/04/01, 12:31:25.611, 69183199550, vstest.console.dll, MulticastDelegateUtilities.SafeInvoke: InternalTestLoggerEvents.SendTestRunMessage: Invoking callback 1/1 for Microsoft.VisualStudio.TestPlatform.CommandLine.Internal.ConsoleLogger., took 0 ms.
TpTrace Verbose: 0 : 12864, 11, 2024/04/01, 12:31:25.611, 69183200103, vstest.console.dll, MulticastDelegateUtilities.SafeInvoke: LengthPrefixCommunicationChannel: MessageReceived: Invoking callback 1/1 for Microsoft.VisualStudio.TestPlatform.CommunicationUtilities.TestRequestSender+<>c__DisplayClass34_0., took 0 ms.
TpTrace Verbose: 0 : 12864, 11, 2024/04/01, 12:31:25.611, 69183202098, vstest.console.dll, TcpClientExtensions.MessageLoopAsync: Polling on remoteEndPoint: 127.0.0.1:52451 localEndPoint: 127.0.0.1:52450 after 262 ms
TpTrace Verbose: 0 : 12864, 11, 2024/04/01, 12:31:26.612, 69193215371, vstest.console.dll, TcpClientExtensions.MessageLoopAsync: Polling on remoteEndPoint: 127.0.0.1:52451 localEndPoint: 127.0.0.1:52450 after 1001 ms
TpTrace Verbose: 0 : 12864, 11, 2024/04/01, 12:31:26.715, 69194243179, vstest.console.dll, TcpClientExtensions.MessageLoopAsync: NotifyDataAvailable remoteEndPoint: 127.0.0.1:52451 localEndPoint: 127.0.0.1:52450
TpTrace Verbose: 0 : 12864, 11, 2024/04/01, 12:31:26.715, 69194247331, vstest.console.dll, TestRequestSender.OnExecutionMessageReceived: Received message: {"Version":5,"MessageType":"TestExecution.StatsChange","Payload":{"NewTestResults":[{"TestCase":{"Id":"6aa40687-0da3-eaf2-990a-c2698f9ffda9","FullyQualifiedName":"HouseRentingSystem.Tests.IntegrationsTests.HomeControllerTests.Error_ShouldReturnCorrectView","DisplayName":"Error_ShouldReturnCorrectView","ExecutorUri":"executor://NUnit3TestExecutor","Source":"F:\\Back End 2\\12-Continuous-Integration-II-Resources\\12-Continuous-Integration-II-Resources\\02-House-Renting-System-App\\HouseRentingSystem.Tests\\bin\\Debug\\net6.0\\fine-code-coverage\\build-output\\HouseRentingSystem.Tests.dll","CodeFilePath":null,"LineNumber":0,"Properties":[{"Key":{"Id":"NUnit.Seed","Label":"Seed","Category":"","Description":"","Attributes":0,"ValueType":"System.String"},"Value":"6287831"}]},"Attachments":[],"Outcome":1,"ErrorMessage":null,"ErrorStackTrace":null,"DisplayName":"Error_ShouldReturnCorrectView","Messages":[],"ComputerName":"DESKTOP-NHABU3K","Duration":"00:00:00.0239420","StartTime":"2024-04-01T09:31:25.6586703+00:00","EndTime":"2024-04-01T09:31:25.6823933+00:00","Properties":[{"Key":{"Id":"NUnit.Seed","Label":"Seed","Category":"","Description":"","Attributes":0,"ValueType":"System.String"},"Value":"6287831"}]},{"TestCase":{"Id":"183aa34a-8bf9-b854-ec27-9cf7c59001a0","FullyQualifiedName":"HouseRentingSystem.Tests.IntegrationsTests.StatisticsApiControllerTests.GetStatistics_ShouldReturnCorrectCounts","DisplayName":"GetStatistics_ShouldReturnCorrectCounts","ExecutorUri":"executor://NUnit3TestExecutor","Source":"F:\\Back End 2\\12-Continuous-Integration-II-Resources\\12-Continuous-Integration-II-Resources\\02-House-Renting-System-App\\HouseRentingSystem.Tests\\bin\\Debug\\net6.0\\fine-code-coverage\\build-output\\HouseRentingSystem.Tests.dll","CodeFilePath":null,"LineNumber":0,"Properties":[{"Key":{"Id":"NUnit.Seed","Label":"Seed","Category":"","Description":"","Attributes":0,"ValueType":"System.String"},"Value":"1343282415"}]},"Attachments":[],"Outcome":1,"ErrorMessage":null,"ErrorStackTrace":null,"DisplayName":"GetStatistics_ShouldReturnCorrectCounts","Messages":[],"ComputerName":"DESKTOP-NHABU3K","Duration":"00:00:00.0146850","StartTime":"2024-04-01T09:31:25.8081135+00:00","EndTime":"2024-04-01T09:31:25.8227987+00:00","Properties":[{"Key":{"Id":"NUnit.Seed","Label":"Seed","Category":"","Description":"","Attributes":0,"ValueType":"System.String"},"Value":"1343282415"}]}],"TestRunStatistics":{"ExecutedTests":2,"Stats":{"Passed":2}},"ActiveTests":[]}}
TpTrace Verbose: 0 : 12864, 11, 2024/04/01, 12:31:26.771, 69194804983, vstest.console.dll, TestRunRequest:SendTestRunStatsChange: Starting.
TpTrace Verbose: 0 : 12864, 11, 2024/04/01, 12:31:26.772, 69194810386, vstest.console.dll, MulticastDelegateUtilities.SafeInvoke: TestRun.RunStatsChanged: Invoking callbacks was skipped because there are no subscribers.
TpTrace Information: 0 : 12864, 11, 2024/04/01, 12:31:26.772, 69194811330, vstest.console.dll, TestRunRequest:SendTestRunStatsChange: Completed.
TpTrace Verbose: 0 : 12864, 11, 2024/04/01, 12:31:26.772, 69194812147, vstest.console.dll, MulticastDelegateUtilities.SafeInvoke: LengthPrefixCommunicationChannel: MessageReceived: Invoking callback 1/1 for Microsoft.VisualStudio.TestPlatform.CommunicationUtilities.TestRequestSender+<>c__DisplayClass34_0., took 56 ms.
TpTrace Verbose: 0 : 12864, 11, 2024/04/01, 12:31:26.772, 69194813068, vstest.console.dll, TcpClientExtensions.MessageLoopAsync: Polling on remoteEndPoint: 127.0.0.1:52451 localEndPoint: 127.0.0.1:52450 after 159 ms
TpTrace Verbose: 0 : 12864, 4, 2024/04/01, 12:31:26.774, 69194835464, vstest.console.dll, MulticastDelegateUtilities.SafeInvoke: InternalTestLoggerEvents.SendTestResult: Invoking callback 1/1 for Microsoft.VisualStudio.TestPlatform.CommandLine.Internal.ConsoleLogger., took 2 ms.
TpTrace Verbose: 0 : 12864, 4, 2024/04/01, 12:31:26.775, 69194840371, vstest.console.dll, MulticastDelegateUtilities.SafeInvoke: InternalTestLoggerEvents.SendTestResult: Invoking callback 1/1 for Microsoft.VisualStudio.TestPlatform.CommandLine.Internal.ConsoleLogger., took 0 ms.
TpTrace Verbose: 0 : 12864, 11, 2024/04/01, 12:31:27.783, 69204921897, vstest.console.dll, TcpClientExtensions.MessageLoopAsync: Polling on remoteEndPoint: 127.0.0.1:52451 localEndPoint: 127.0.0.1:52450 after 1010 ms
TpTrace Verbose: 0 : 12864, 11, 2024/04/01, 12:31:28.020, 69207294450, vstest.console.dll, TcpClientExtensions.MessageLoopAsync: NotifyDataAvailable remoteEndPoint: 127.0.0.1:52451 localEndPoint: 127.0.0.1:52450
TpTrace Verbose: 0 : 12864, 11, 2024/04/01, 12:31:28.021, 69207299958, vstest.console.dll, TestRequestSender.OnExecutionMessageReceived: Received message: {"Version":5,"MessageType":"TestExecution.StatsChange","Payload":{"NewTestResults":[{"TestCase":{"Id":"4a4ba19d-b1e9-74ad-59a0-269e0af76fdd","FullyQualifiedName":"HouseRentingSystem.Tests.UnitTests.AgentServiceTests.AgentWithPhoneNumberExists_ShouldReturnTrue_WithValidData","DisplayName":"AgentWithPhoneNumberExists_ShouldReturnTrue_WithValidData","ExecutorUri":"executor://NUnit3TestExecutor","Source":"F:\\Back End 2\\12-Continuous-Integration-II-Resources\\12-Continuous-Integration-II-Resources\\02-House-Renting-System-App\\HouseRentingSystem.Tests\\bin\\Debug\\net6.0\\fine-code-coverage\\build-output\\HouseRentingSystem.Tests.dll","CodeFilePath":null,"LineNumber":0,"Properties":[{"Key":{"Id":"NUnit.Seed","Label":"Seed","Category":"","Description":"","Attributes":0,"ValueType":"System.String"},"Value":"687901466"}]},"Attachments":[],"Outcome":1,"ErrorMessage":null,"ErrorStackTrace":null,"DisplayName":"AgentWithPhoneNumberExists_ShouldReturnTrue_WithValidData","Messages":[],"ComputerName":"DESKTOP-NHABU3K","Duration":"00:00:00.2225010","StartTime":"2024-04-01T09:31:27.5460932+00:00","EndTime":"2024-04-01T09:31:27.7685953+00:00","Properties":[{"Key":{"Id":"NUnit.Seed","Label":"Seed","Category":"","Description":"","Attributes":0,"ValueType":"System.String"},"Value":"687901466"}]},{"TestCase":{"Id":"1c48fe42-cce2-e6b9-a7d7-abc06baa9e8e","FullyQualifiedName":"HouseRentingSystem.Tests.UnitTests.AgentServiceTests.CreateAgent_ShouldWorkCorrectly","DisplayName":"CreateAgent_ShouldWorkCorrectly","ExecutorUri":"executor://NUnit3TestExecutor","Source":"F:\\Back End 2\\12-Continuous-Integration-II-Resources\\12-Continuous-Integration-II-Resources\\02-House-Renting-System-App\\HouseRentingSystem.Tests\\bin\\Debug\\net6.0\\fine-code-coverage\\build-output\\HouseRentingSystem.Tests.dll","CodeFilePath":null,"LineNumber":0,"Properties":[{"Key":{"Id":"NUnit.Seed","Label":"Seed","Category":"","Description":"","Attributes":0,"ValueType":"System.String"},"Value":"893807329"}]},"Attachments":[],"Outcome":1,"ErrorMessage":null,"ErrorStackTrace":null,"DisplayName":"CreateAgent_ShouldWorkCorrectly","Messages":[],"ComputerName":"DESKTOP-NHABU3K","Duration":"00:00:00.0549350","StartTime":"2024-04-01T09:31:27.7686532+00:00","EndTime":"2024-04-01T09:31:27.8235882+00:00","Properties":[{"Key":{"Id":"NUnit.Seed","Label":"Seed","Category":"","Description":"","Attributes":0,"ValueType":"System.String"},"Value":"893807329"}]},{"TestCase":{"Id":"bb34c39e-f80e-939f-4a0c-3fe71d62106b","FullyQualifiedName":"HouseRentingSystem.Tests.UnitTests.AgentServiceTests.ExistsById_ShouldReturnTrue_WithValidId","DisplayName":"ExistsById_ShouldReturnTrue_WithValidId","ExecutorUri":"executor://NUnit3TestExecutor","Source":"F:\\Back End 2\\12-Continuous-Integration-II-Resources\\12-Continuous-Integration-II-Resources\\02-House-Renting-System-App\\HouseRentingSystem.Tests\\bin\\Debug\\net6.0\\fine-code-coverage\\build-output\\HouseRentingSystem.Tests.dll","CodeFilePath":null,"LineNumber":0,"Properties":[{"Key":{"Id":"NUnit.Seed","Label":"Seed","Category":"","Description":"","Attributes":0,"ValueType":"System.String"},"Value":"168405412"}]},"Attachments":[],"Outcome":1,"ErrorMessage":null,"ErrorStackTrace":null,"DisplayName":"ExistsById_ShouldReturnTrue_WithValidId","Messages":[],"ComputerName":"DESKTOP-NHABU3K","Duration":"00:00:00.0039960","StartTime":"2024-04-01T09:31:27.823628+00:00","EndTime":"2024-04-01T09:31:27.827624+00:00","Properties":[{"Key":{"Id":"NUnit.Seed","Label":"Seed","Category":"","Description":"","Attributes":0,"ValueType":"System.String"},"Value":"168405412"}]},{"TestCase":{"Id":"39821534-a4ac-e7b6-9426-30ddb68a6867","FullyQualifiedName":"HouseRentingSystem.Tests.UnitTests.AgentServiceTests.GetAgentId_ShouldReturnCorrectUserId","DisplayName":"GetAgentId_ShouldReturnCorrectUserId","ExecutorUri":"executor://NUnit3TestExecutor","Source":"F:\\Back End 2\\12-Continuous-Integration-II-Resources\\12-Continuous-Integration-II-Resources\\02-House-Renting-System-App\\HouseRentingSystem.Tests\\bin\\Debug\\net6.0\\fine-code-coverage\\build-output\\HouseRentingSystem.Tests.dll","CodeFilePath":null,"LineNumber":0,"Properties":[{"Key":{"Id":"NUnit.Seed","Label":"Seed","Category":"","Description":"","Attributes":0,"ValueType":"System.String"},"Value":"1195803577"}]},"Attachments":[],"Outcome":1,"ErrorMessage":null,"ErrorStackTrace":null,"DisplayName":"GetAgentId_ShouldReturnCorrectUserId","Messages":[],"ComputerName":"DESKTOP-NHABU3K","Duration":"00:00:00.0023609","StartTime":"2024-04-01T09:31:27.8276598+00:00","EndTime":"2024-04-01T09:31:27.8300207+00:00","Properties":[{"Key":{"Id":"NUnit.Seed","Label":"Seed","Category":"","Description":"","Attributes":0,"ValueType":"System.String"},"Value":"1195803577"}]},{"TestCase":{"Id":"c1fc1358-6a05-43fc-755d-c831d6e82ed8","FullyQualifiedName":"HouseRentingSystem.Tests.UnitTests.HouseServiceTests.All_ShouldReturnCorrectHouses","DisplayName":"All_ShouldReturnCorrectHouses","ExecutorUri":"executor://NUnit3TestExecutor","Source":"F:\\Back End 2\\12-Continuous-Integration-II-Resources\\12-Continuous-Integration-II-Resources\\02-House-Renting-System-App\\HouseRentingSystem.Tests\\bin\\Debug\\net6.0\\fine-code-coverage\\build-output\\HouseRentingSystem.Tests.dll","CodeFilePath":null,"LineNumber":0,"Properties":[{"Key":{"Id":"NUnit.Seed","Label":"Seed","Category":"","Description":"","Attributes":0,"ValueType":"System.String"},"Value":"1817359913"}]},"Attachments":[],"Outcome":1,"ErrorMessage":null,"ErrorStackTrace":null,"DisplayName":"All_ShouldReturnCorrectHouses","Messages":[],"ComputerName":"DESKTOP-NHABU3K","Duration":"00:00:00.1016350","StartTime":"2024-04-01T09:31:27.8530836+00:00","EndTime":"2024-04-01T09:31:27.9547184+00:00","Properties":[{"Key":{"Id":"NUnit.Seed","Label":"Seed","Category":"","Description":"","Attributes":0,"ValueType":"System.String"},"Value":"1817359913"}]},{"TestCase":{"Id":"afb3f7d0-4274-d246-82ae-84031d1c57eb","FullyQualifiedName":"HouseRentingSystem.Tests.UnitTests.HouseServiceTests.AllCategories_ShouldReturnCorrectCategories","DisplayName":"AllCategories_ShouldReturnCorrectCategories","ExecutorUri":"executor://NUnit3TestExecutor","Source":"F:\\Back End 2\\12-Continuous-Integration-II-Resources\\12-Continuous-Integration-II-Resources\\02-House-Renting-System-App\\HouseRentingSystem.Tests\\bin\\Debug\\net6.0\\fine-code-coverage\\build-output\\HouseRentingSystem.Tests.dll","CodeFilePath":null,"LineNumber":0,"Properties":[{"Key":{"Id":"NUnit.Seed","Label":"Seed","Category":"","Description":"","Attributes":0,"ValueType":"System.String"},"Value":"609499780"}]},"Attachments":[],"Outcome":1,"ErrorMessage":null,"ErrorStackTrace":null,"DisplayName":"AllCategories_ShouldReturnCorrectCategories","Messages":[],"ComputerName":"DESKTOP-NHABU3K","Duration":"00:00:00.0155920","StartTime":"2024-04-01T09:31:27.9547573+00:00","EndTime":"2024-04-01T09:31:27.9703487+00:00","Properties":[{"Key":{"Id":"NUnit.Seed","Label":"Seed","Category":"","Description":"","Attributes":0,"ValueType":"System.String"},"Value":"609499780"}]},{"TestCase":{"Id":"501cbf97-2dc4-3855-9be1-f64ebe37b250","FullyQualifiedName":"HouseRentingSystem.Tests.UnitTests.HouseServiceTests.AllCategoryNames_ShouldReturnCorrectResult","DisplayName":"AllCategoryNames_ShouldReturnCorrectResult","ExecutorUri":"executor://NUnit3TestExecutor","Source":"F:\\Back End 2\\12-Continuous-Integration-II-Resources\\12-Continuous-Integration-II-Resources\\02-House-Renting-System-App\\HouseRentingSystem.Tests\\bin\\Debug\\net6.0\\fine-code-coverage\\build-output\\HouseRentingSystem.Tests.dll","CodeFilePath":null,"LineNumber":0,"Properties":[{"Key":{"Id":"NUnit.Seed","Label":"Seed","Category":"","Description":"","Attributes":0,"ValueType":"System.String"},"Value":"709236392"}]},"Attachments":[],"Outcome":1,"ErrorMessage":null,"ErrorStackTrace":null,"DisplayName":"AllCategoryNames_ShouldReturnCorrectResult","Messages":[],"ComputerName":"DESKTOP-NHABU3K","Duration":"00:00:00.0124890","StartTime":"2024-04-01T09:31:27.9703876+00:00","EndTime":"2024-04-01T09:31:27.9828766+00:00","Properties":[{"Key":{"Id":"NUnit.Seed","Label":"Seed","Category":"","Description":"","Attributes":0,"ValueType":"System.String"},"Value":"709236392"}]},{"TestCase":{"Id":"7e6deceb-1e63-2628-54ad-e72d30e03650","FullyQualifiedName":"HouseRentingSystem.Tests.UnitTests.HouseServiceTests.AllHousesByAgentId_ShouldReturnCorrectHouses","DisplayName":"AllHousesByAgentId_ShouldReturnCorrectHouses","ExecutorUri":"executor://NUnit3TestExecutor","Source":"F:\\Back End 2\\12-Continuous-Integration-II-Resources\\12-Continuous-Integration-II-Resources\\02-House-Renting-System-App\\HouseRentingSystem.Tests\\bin\\Debug\\net6.0\\fine-code-coverage\\build-output\\HouseRentingSystem.Tests.dll","CodeFilePath":null,"LineNumber":0,"Properties":[{"Key":{"Id":"NUnit.Seed","Label":"Seed","Category":"","Description":"","Attributes":0,"ValueType":"System.String"},"Value":"2119819570"}]},"Attachments":[],"Outcome":1,"ErrorMessage":null,"ErrorStackTrace":null,"DisplayName":"AllHousesByAgentId_ShouldReturnCorrectHouses","Messages":[],"ComputerName":"DESKTOP-NHABU3K","Duration":"00:00:00.0163350","StartTime":"2024-04-01T09:31:27.9829474+00:00","EndTime":"2024-04-01T09:31:27.9992819+00:00","Properties":[{"Key":{"Id":"NUnit.Seed","Label":"Seed","Category":"","Description":"","Attributes":0,"ValueType":"System.String"},"Value":"2119819570"}]},{"TestCase":{"Id":"3178a6b3-c7a9-2811-ebdb-98d05fd32082","FullyQualifiedName":"HouseRentingSystem.Tests.UnitTests.HouseServiceTests.AllHousesByUserId_ShouldReturnCorrectHouses","DisplayName":"AllHousesByUserId_ShouldReturnCorrectHouses","ExecutorUri":"executor://NUnit3TestExecutor","Source":"F:\\Back End 2\\12-Continuous-Integration-II-Resources\\12-Continuous-Integration-II-Resources\\02-House-Renting-System-App\\HouseRentingSystem.Tests\\bin\\Debug\\net6.0\\fine-code-coverage\\build-output\\HouseRentingSystem.Tests.dll","CodeFilePath":null,"LineNumber":0,"Properties":[{"Key":{"Id":"NUnit.Seed","Label":"Seed","Category":"","Description":"","Attributes":0,"ValueType":"System.String"},"Value":"561118142"}]},"Attachments":[],"Outcome":1,"ErrorMessage":null,"ErrorStackTrace":null,"DisplayName":"AllHousesByUserId_ShouldReturnCorrectHouses","Messages":[],"ComputerName":"DESKTOP-NHABU3K","Duration":"00:00:00.0157140","StartTime":"2024-04-01T09:31:27.9993228+00:00","EndTime":"2024-04-01T09:31:28.0150361+00:00","Properties":[{"Key":{"Id":"NUnit.Seed","Label":"Seed","Category":"","Description":"","Attributes":0,"ValueType":"System.String"},"Value":"561118142"}]}],"TestRunStatistics":{"ExecutedTests":11,"Stats":{"Passed":11}},"ActiveTests":[{"Id":"dca6fc11-2c20-02b1-c939-d8f872720d01","FullyQualifiedName":"HouseRentingSystem.Tests.UnitTests.HouseServiceTests.CategoryExists_ShouldReturnTrue_WithValidId","DisplayName":"CategoryExists_ShouldReturnTrue_WithValidId","ExecutorUri":"executor://NUnit3TestExecutor","Source":"F:\\Back End 2\\12-Continuous-Integration-II-Resources\\12-Continuous-Integration-II-Resources\\02-House-Renting-System-App\\HouseRentingSystem.Tests\\bin\\Debug\\net6.0\\fine-code-coverage\\build-output\\HouseRentingSystem.Tests.dll","CodeFilePath":null,"LineNumber":0,"Properties":[{"Key":{"Id":"NUnit.Seed","Label":"Seed","Category":"","Description":"","Attributes":0,"ValueType":"System.String"},"Value":"1711751970"}]}]}}
TpTrace Verbose: 0 : 12864, 11, 2024/04/01, 12:31:28.025, 69207341080, vstest.console.dll, TestRunRequest:SendTestRunStatsChange: Starting.
TpTrace Verbose: 0 : 12864, 11, 2024/04/01, 12:31:28.025, 69207343316, vstest.console.dll, InProgress is CategoryExists_ShouldReturnTrue_WithValidId
TpTrace Verbose: 0 : 12864, 11, 2024/04/01, 12:31:28.025, 69207344760, vstest.console.dll, MulticastDelegateUtilities.SafeInvoke: TestRun.RunStatsChanged: Invoking callbacks was skipped because there are no subscribers.
TpTrace Information: 0 : 12864, 11, 2024/04/01, 12:31:28.025, 69207345464, vstest.console.dll, TestRunRequest:SendTestRunStatsChange: Completed.
TpTrace Verbose: 0 : 12864, 11, 2024/04/01, 12:31:28.025, 69207346121, vstest.console.dll, MulticastDelegateUtilities.SafeInvoke: LengthPrefixCommunicationChannel: MessageReceived: Invoking callback 1/1 for Microsoft.VisualStudio.TestPlatform.CommunicationUtilities.TestRequestSender+<>c__DisplayClass34_0., took 4 ms.
TpTrace Verbose: 0 : 12864, 4, 2024/04/01, 12:31:28.025, 69207346126, vstest.console.dll, MulticastDelegateUtilities.SafeInvoke: InternalTestLoggerEvents.SendTestResult: Invoking callback 1/1 for Microsoft.VisualStudio.TestPlatform.CommandLine.Internal.ConsoleLogger., took 0 ms.
TpTrace Verbose: 0 : 12864, 11, 2024/04/01, 12:31:28.025, 69207347009, vstest.console.dll, TcpClientExtensions.MessageLoopAsync: Polling on remoteEndPoint: 127.0.0.1:52451 localEndPoint: 127.0.0.1:52450 after 242 ms
TpTrace Verbose: 0 : 12864, 4, 2024/04/01, 12:31:28.026, 69207348420, vstest.console.dll, MulticastDelegateUtilities.SafeInvoke: InternalTestLoggerEvents.SendTestResult: Invoking callback 1/1 for Microsoft.VisualStudio.TestPlatform.CommandLine.Internal.ConsoleLogger., took 0 ms.
TpTrace Verbose: 0 : 12864, 4, 2024/04/01, 12:31:28.026, 69207350172, vstest.console.dll, MulticastDelegateUtilities.SafeInvoke: InternalTestLoggerEvents.SendTestResult: Invoking callback 1/1 for Microsoft.VisualStudio.TestPlatform.CommandLine.Internal.ConsoleLogger., took 0 ms.
TpTrace Verbose: 0 : 12864, 4, 2024/04/01, 12:31:28.026, 69207351363, vstest.console.dll, MulticastDelegateUtilities.SafeInvoke: InternalTestLoggerEvents.SendTestResult: Invoking callback 1/1 for Microsoft.VisualStudio.TestPlatform.CommandLine.Internal.ConsoleLogger., took 0 ms.
TpTrace Verbose: 0 : 12864, 4, 2024/04/01, 12:31:28.026, 69207352365, vstest.console.dll, MulticastDelegateUtilities.SafeInvoke: InternalTestLoggerEvents.SendTestResult: Invoking callback 1/1 for Microsoft.VisualStudio.TestPlatform.CommandLine.Internal.ConsoleLogger., took 0 ms.
TpTrace Verbose: 0 : 12864, 4, 2024/04/01, 12:31:28.026, 69207353298, vstest.console.dll, MulticastDelegateUtilities.SafeInvoke: InternalTestLoggerEvents.SendTestResult: Invoking callback 1/1 for Microsoft.VisualStudio.TestPlatform.CommandLine.Internal.ConsoleLogger., took 0 ms.
TpTrace Verbose: 0 : 12864, 4, 2024/04/01, 12:31:28.026, 69207354173, vstest.console.dll, MulticastDelegateUtilities.SafeInvoke: InternalTestLoggerEvents.SendTestResult: Invoking callback 1/1 for Microsoft.VisualStudio.TestPlatform.CommandLine.Internal.ConsoleLogger., took 0 ms.
TpTrace Verbose: 0 : 12864, 4, 2024/04/01, 12:31:28.026, 69207355011, vstest.console.dll, MulticastDelegateUtilities.SafeInvoke: InternalTestLoggerEvents.SendTestResult: Invoking callback 1/1 for Microsoft.VisualStudio.TestPlatform.CommandLine.Internal.ConsoleLogger., took 0 ms.
TpTrace Verbose: 0 : 12864, 4, 2024/04/01, 12:31:28.026, 69207355788, vstest.console.dll, MulticastDelegateUtilities.SafeInvoke: InternalTestLoggerEvents.SendTestResult: Invoking callback 1/1 for Microsoft.VisualStudio.TestPlatform.CommandLine.Internal.ConsoleLogger., took 0 ms.
TpTrace Verbose: 0 : 12864, 11, 2024/04/01, 12:31:28.220, 69209288041, vstest.console.dll, TcpClientExtensions.MessageLoopAsync: NotifyDataAvailable remoteEndPoint: 127.0.0.1:52451 localEndPoint: 127.0.0.1:52450
TpTrace Verbose: 0 : 12864, 11, 2024/04/01, 12:31:28.220, 69209293051, vstest.console.dll, TestRequestSender.OnExecutionMessageReceived: Received message: {"Version":5,"MessageType":"TestExecution.StatsChange","Payload":{"NewTestResults":[{"TestCase":{"Id":"dca6fc11-2c20-02b1-c939-d8f872720d01","FullyQualifiedName":"HouseRentingSystem.Tests.UnitTests.HouseServiceTests.CategoryExists_ShouldReturnTrue_WithValidId","DisplayName":"CategoryExists_ShouldReturnTrue_WithValidId","ExecutorUri":"executor://NUnit3TestExecutor","Source":"F:\\Back End 2\\12-Continuous-Integration-II-Resources\\12-Continuous-Integration-II-Resources\\02-House-Renting-System-App\\HouseRentingSystem.Tests\\bin\\Debug\\net6.0\\fine-code-coverage\\build-output\\HouseRentingSystem.Tests.dll","CodeFilePath":null,"LineNumber":0,"Properties":[{"Key":{"Id":"NUnit.Seed","Label":"Seed","Category":"","Description":"","Attributes":0,"ValueType":"System.String"},"Value":"1711751970"}]},"Attachments":[],"Outcome":1,"ErrorMessage":null,"ErrorStackTrace":null,"DisplayName":"CategoryExists_ShouldReturnTrue_WithValidId","Messages":[],"ComputerName":"DESKTOP-NHABU3K","Duration":"00:00:00.0302150","StartTime":"2024-04-01T09:31:28.0166284+00:00","EndTime":"2024-04-01T09:31:28.0468433+00:00","Properties":[{"Key":{"Id":"NUnit.Seed","Label":"Seed","Category":"","Description":"","Attributes":0,"ValueType":"System.String"},"Value":"1711751970"}]},{"TestCase":{"Id":"1b644484-0fbb-38a5-d7be-a47f97429959","FullyQualifiedName":"HouseRentingSystem.Tests.UnitTests.HouseServiceTests.Create_ShouldCreateHouse","DisplayName":"Create_ShouldCreateHouse","ExecutorUri":"executor://NUnit3TestExecutor","Source":"F:\\Back End 2\\12-Continuous-Integration-II-Resources\\12-Continuous-Integration-II-Resources\\02-House-Renting-System-App\\HouseRentingSystem.Tests\\bin\\Debug\\net6.0\\fine-code-coverage\\build-output\\HouseRentingSystem.Tests.dll","CodeFilePath":null,"LineNumber":0,"Properties":[{"Key":{"Id":"NUnit.Seed","Label":"Seed","Category":"","Description":"","Attributes":0,"ValueType":"System.String"},"Value":"1015907596"}]},"Attachments":[],"Outcome":1,"ErrorMessage":null,"ErrorStackTrace":null,"DisplayName":"Create_ShouldCreateHouse","Messages":[],"ComputerName":"DESKTOP-NHABU3K","Duration":"00:00:00.0076860","StartTime":"2024-04-01T09:31:28.0468856+00:00","EndTime":"2024-04-01T09:31:28.0545709+00:00","Properties":[{"Key":{"Id":"NUnit.Seed","Label":"Seed","Category":"","Description":"","Attributes":0,"ValueType":"System.String"},"Value":"1015907596"}]},{"TestCase":{"Id":"8acbe544-8791-7541-0d15-94d0ad355c1d","FullyQualifiedName":"HouseRentingSystem.Tests.UnitTests.HouseServiceTests.Delete_ShouldDeleteHouseSuccessfully","DisplayName":"Delete_ShouldDeleteHouseSuccessfully","ExecutorUri":"executor://NUnit3TestExecutor","Source":"F:\\Back End 2\\12-Continuous-Integration-II-Resources\\12-Continuous-Integration-II-Resources\\02-House-Renting-System-App\\HouseRentingSystem.Tests\\bin\\Debug\\net6.0\\fine-code-coverage\\build-output\\HouseRentingSystem.Tests.dll","CodeFilePath":null,"LineNumber":0,"Properties":[{"Key":{"Id":"NUnit.Seed","Label":"Seed","Category":"","Description":"","Attributes":0,"ValueType":"System.String"},"Value":"387876755"}]},"Attachments":[],"Outcome":1,"ErrorMessage":null,"ErrorStackTrace":null,"DisplayName":"Delete_ShouldDeleteHouseSuccessfully","Messages":[],"ComputerName":"DESKTOP-NHABU3K","Duration":"00:00:00.0277160","StartTime":"2024-04-01T09:31:28.0546154+00:00","EndTime":"2024-04-01T09:31:28.0823314+00:00","Properties":[{"Key":{"Id":"NUnit.Seed","Label":"Seed","Category":"","Description":"","Attributes":0,"ValueType":"System.String"},"Value":"387876755"}]},{"TestCase":{"Id":"1e2eae05-3ea3-6fb2-c952-76632dc6958b","FullyQualifiedName":"HouseRentingSystem.Tests.UnitTests.HouseServiceTests.Edit_ShouldEditHouseCorrectly","DisplayName":"Edit_ShouldEditHouseCorrectly","ExecutorUri":"executor://NUnit3TestExecutor","Source":"F:\\Back End 2\\12-Continuous-Integration-II-Resources\\12-Continuous-Integration-II-Resources\\02-House-Renting-System-App\\HouseRentingSystem.Tests\\bin\\Debug\\net6.0\\fine-code-coverage\\build-output\\HouseRentingSystem.Tests.dll","CodeFilePath":null,"LineNumber":0,"Properties":[{"Key":{"Id":"NUnit.Seed","Label":"Seed","Category":"","Description":"","Attributes":0,"ValueType":"System.String"},"Value":"86410058"}]},"Attachments":[],"Outcome":1,"ErrorMessage":null,"ErrorStackTrace":null,"DisplayName":"Edit_ShouldEditHouseCorrectly","Messages":[],"ComputerName":"DESKTOP-NHABU3K","Duration":"00:00:00.0079070","StartTime":"2024-04-01T09:31:28.0823819+00:00","EndTime":"2024-04-01T09:31:28.090289+00:00","Properties":[{"Key":{"Id":"NUnit.Seed","Label":"Seed","Category":"","Description":"","Attributes":0,"ValueType":"System.String"},"Value":"86410058"}]},{"TestCase":{"Id":"842c814d-cc0e-1077-a329-2c1de4dceddc","FullyQualifiedName":"HouseRentingSystem.Tests.UnitTests.HouseServiceTests.Exists_ShouldReturnCorrectTrue_WithValidId","DisplayName":"Exists_ShouldReturnCorrectTrue_WithValidId","ExecutorUri":"executor://NUnit3TestExecutor","Source":"F:\\Back End 2\\12-Continuous-Integration-II-Resources\\12-Continuous-Integration-II-Resources\\02-House-Renting-System-App\\HouseRentingSystem.Tests\\bin\\Debug\\net6.0\\fine-code-coverage\\build-output\\HouseRentingSystem.Tests.dll","CodeFilePath":null,"LineNumber":0,"Properties":[{"Key":{"Id":"NUnit.Seed","Label":"Seed","Category":"","Description":"","Attributes":0,"ValueType":"System.String"},"Value":"647986016"}]},"Attachments":[],"Outcome":1,"ErrorMessage":null,"ErrorStackTrace":null,"DisplayName":"Exists_ShouldReturnCorrectTrue_WithValidId","Messages":[],"ComputerName":"DESKTOP-NHABU3K","Duration":"00:00:00.0041840","StartTime":"2024-04-01T09:31:28.0903468+00:00","EndTime":"2024-04-01T09:31:28.0945305+00:00","Properties":[{"Key":{"Id":"NUnit.Seed","Label":"Seed","Category":"","Description":"","Attributes":0,"ValueType":"System.String"},"Value":"647986016"}]},{"TestCase":{"Id":"0ae26e54-b33a-336f-dd6f-a0cda3739874","FullyQualifiedName":"HouseRentingSystem.Tests.UnitTests.HouseServiceTests.GetHouseCategoryId_ShouldReturnCorrectId","DisplayName":"GetHouseCategoryId_ShouldReturnCorrectId","ExecutorUri":"executor://NUnit3TestExecutor","Source":"F:\\Back End 2\\12-Continuous-Integration-II-Resources\\12-Continuous-Integration-II-Resources\\02-House-Renting-System-App\\HouseRentingSystem.Tests\\bin\\Debug\\net6.0\\fine-code-coverage\\build-output\\HouseRentingSystem.Tests.dll","CodeFilePath":null,"LineNumber":0,"Properties":[{"Key":{"Id":"NUnit.Seed","Label":"Seed","Category":"","Description":"","Attributes":0,"ValueType":"System.String"},"Value":"985791615"}]},"Attachments":[],"Outcome":1,"ErrorMessage":null,"ErrorStackTrace":null,"DisplayName":"GetHouseCategoryId_ShouldReturnCorrectId","Messages":[],"ComputerName":"DESKTOP-NHABU3K","Duration":"00:00:00.0004940","StartTime":"2024-04-01T09:31:28.0945798+00:00","EndTime":"2024-04-01T09:31:28.0950741+00:00","Properties":[{"Key":{"Id":"NUnit.Seed","Label":"Seed","Category":"","Description":"","Attributes":0,"ValueType":"System.String"},"Value":"985791615"}]},{"TestCase":{"Id":"115f308f-3ab7-324a-cc3b-01998c8b562f","FullyQualifiedName":"HouseRentingSystem.Tests.UnitTests.HouseServiceTests.HasAgentWithId_ShouldReturnTrue_WithValidId","DisplayName":"HasAgentWithId_ShouldReturnTrue_WithValidId","ExecutorUri":"executor://NUnit3TestExecutor","Source":"F:\\Back End 2\\12-Continuous-Integration-II-Resources\\12-Continuous-Integration-II-Resources\\02-House-Renting-System-App\\HouseRentingSystem.Tests\\bin\\Debug\\net6.0\\fine-code-coverage\\build-output\\HouseRentingSystem.Tests.dll","CodeFilePath":null,"LineNumber":0,"Properties":[{"Key":{"Id":"NUnit.Seed","Label":"Seed","Category":"","Description":"","Attributes":0,"ValueType":"System.String"},"Value":"1477959804"}]},"Attachments":[],"Outcome":1,"ErrorMessage":null,"ErrorStackTrace":null,"DisplayName":"HasAgentWithId_ShouldReturnTrue_WithValidId","Messages":[],"ComputerName":"DESKTOP-NHABU3K","Duration":"00:00:00.0072220","StartTime":"2024-04-01T09:31:28.0950951+00:00","EndTime":"2024-04-01T09:31:28.1023164+00:00","Properties":[{"Key":{"Id":"NUnit.Seed","Label":"Seed","Category":"","Description":"","Attributes":0,"ValueType":"System.String"},"Value":"1477959804"}]},{"TestCase":{"Id":"e562f42b-52d9-7a54-bcf5-b73a27947a78","FullyQualifiedName":"HouseRentingSystem.Tests.UnitTests.HouseServiceTests.HouseDetailsById_ShouldReturnCorrectHouseData","DisplayName":"HouseDetailsById_ShouldReturnCorrectHouseData","ExecutorUri":"executor://NUnit3TestExecutor","Source":"F:\\Back End 2\\12-Continuous-Integration-II-Resources\\12-Continuous-Integration-II-Resources\\02-House-Renting-System-App\\HouseRentingSystem.Tests\\bin\\Debug\\net6.0\\fine-code-coverage\\build-output\\HouseRentingSystem.Tests.dll","CodeFilePath":null,"LineNumber":0,"Properties":[{"Key":{"Id":"NUnit.Seed","Label":"Seed","Category":"","Description":"","Attributes":0,"ValueType":"System.String"},"Value":"539927998"}]},"Attachments":[],"Outcome":1,"ErrorMessage":null,"ErrorStackTrace":null,"DisplayName":"HouseDetailsById_ShouldReturnCorrectHouseData","Messages":[],"ComputerName":"DESKTOP-NHABU3K","Duration":"00:00:00.1097840","StartTime":"2024-04-01T09:31:28.1023521+00:00","EndTime":"2024-04-01T09:31:28.212135+00:00","Properties":[{"Key":{"Id":"NUnit.Seed","Label":"Seed","Category":"","Description":"","Attributes":0,"ValueType":"System.String"},"Value":"539927998"}]},{"TestCase":{"Id":"b61a4563-e1cd-77a9-2ef8-51088f4db293","FullyQualifiedName":"HouseRentingSystem.Tests.UnitTests.HouseServiceTests.IsRented_ShouldReturnCorrectTrue_WithValidId","DisplayName":"IsRented_ShouldReturnCorrectTrue_WithValidId","ExecutorUri":"executor://NUnit3TestExecutor","Source":"F:\\Back End 2\\12-Continuous-Integration-II-Resources\\12-Continuous-Integration-II-Resources\\02-House-Renting-System-App\\HouseRentingSystem.Tests\\bin\\Debug\\net6.0\\fine-code-coverage\\build-output\\HouseRentingSystem.Tests.dll","CodeFilePath":null,"LineNumber":0,"Properties":[{"Key":{"Id":"NUnit.Seed","Label":"Seed","Category":"","Description":"","Attributes":0,"ValueType":"System.String"},"Value":"871166565"}]},"Attachments":[],"Outcome":1,"ErrorMessage":null,"ErrorStackTrace":null,"DisplayName":"IsRented_ShouldReturnCorrectTrue_WithValidId","Messages":[],"ComputerName":"DESKTOP-NHABU3K","Duration":"00:00:00.0004730","StartTime":"2024-04-01T09:31:28.2122066+00:00","EndTime":"2024-04-01T09:31:28.2126799+00:00","Properties":[{"Key":{"Id":"NUnit.Seed","Label":"Seed","Category":"","Description":"","Attributes":0,"ValueType":"System.String"},"Value":"871166565"}]}],"TestRunStatistics":{"ExecutedTests":20,"Stats":{"Passed":20}},"ActiveTests":[{"Id":"4cef5da8-a158-5acb-5516-63b7e8800887","FullyQualifiedName":"HouseRentingSystem.Tests.UnitTests.HouseServiceTests.IsRentedByUserWithId_ShouldReturnCorrectTrue_WithValidId","DisplayName":"IsRentedByUserWithId_ShouldReturnCorrectTrue_WithValidId","ExecutorUri":"executor://NUnit3TestExecutor","Source":"F:\\Back End 2\\12-Continuous-Integration-II-Resources\\12-Continuous-Integration-II-Resources\\02-House-Renting-System-App\\HouseRentingSystem.Tests\\bin\\Debug\\net6.0\\fine-code-coverage\\build-output\\HouseRentingSystem.Tests.dll","CodeFilePath":null,"LineNumber":0,"Properties":[{"Key":{"Id":"NUnit.Seed","Label":"Seed","Category":"","Description":"","Attributes":0,"ValueType":"System.String"},"Value":"1884979781"}]}]}}
TpTrace Verbose: 0 : 12864, 11, 2024/04/01, 12:31:28.223, 69209323548, vstest.console.dll, TestRunRequest:SendTestRunStatsChange: Starting.
TpTrace Verbose: 0 : 12864, 11, 2024/04/01, 12:31:28.223, 69209325028, vstest.console.dll, InProgress is IsRentedByUserWithId_ShouldReturnCorrectTrue_WithValidId
TpTrace Verbose: 0 : 12864, 11, 2024/04/01, 12:31:28.223, 69209326157, vstest.console.dll, MulticastDelegateUtilities.SafeInvoke: TestRun.RunStatsChanged: Invoking callbacks was skipped because there are no subscribers.
TpTrace Verbose: 0 : 12864, 4, 2024/04/01, 12:31:28.223, 69209326845, vstest.console.dll, MulticastDelegateUtilities.SafeInvoke: InternalTestLoggerEvents.SendTestResult: Invoking callback 1/1 for Microsoft.VisualStudio.TestPlatform.CommandLine.Internal.ConsoleLogger., took 0 ms.
TpTrace Information: 0 : 12864, 11, 2024/04/01, 12:31:28.224, 69209327981, vstest.console.dll, TestRunRequest:SendTestRunStatsChange: Completed.
TpTrace Verbose: 0 : 12864, 4, 2024/04/01, 12:31:28.224, 69209328250, vstest.console.dll, MulticastDelegateUtilities.SafeInvoke: InternalTestLoggerEvents.SendTestResult: Invoking callback 1/1 for Microsoft.VisualStudio.TestPlatform.CommandLine.Internal.ConsoleLogger., took 0 ms.
TpTrace Verbose: 0 : 12864, 11, 2024/04/01, 12:31:28.224, 69209328809, vstest.console.dll, MulticastDelegateUtilities.SafeInvoke: LengthPrefixCommunicationChannel: MessageReceived: Invoking callback 1/1 for Microsoft.VisualStudio.TestPlatform.CommunicationUtilities.TestRequestSender+<>c__DisplayClass34_0., took 3 ms.
TpTrace Verbose: 0 : 12864, 4, 2024/04/01, 12:31:28.224, 69209329969, vstest.console.dll, MulticastDelegateUtilities.SafeInvoke: InternalTestLoggerEvents.SendTestResult: Invoking callback 1/1 for Microsoft.VisualStudio.TestPlatform.CommandLine.Internal.ConsoleLogger., took 0 ms.
TpTrace Verbose: 0 : 12864, 11, 2024/04/01, 12:31:28.224, 69209330908, vstest.console.dll, TcpClientExtensions.MessageLoopAsync: Polling on remoteEndPoint: 127.0.0.1:52451 localEndPoint: 127.0.0.1:52450 after 198 ms
TpTrace Verbose: 0 : 12864, 4, 2024/04/01, 12:31:28.224, 69209331125, vstest.console.dll, MulticastDelegateUtilities.SafeInvoke: InternalTestLoggerEvents.SendTestResult: Invoking callback 1/1 for Microsoft.VisualStudio.TestPlatform.CommandLine.Internal.ConsoleLogger., took 0 ms.
TpTrace Verbose: 0 : 12864, 4, 2024/04/01, 12:31:28.224, 69209332915, vstest.console.dll, MulticastDelegateUtilities.SafeInvoke: InternalTestLoggerEvents.SendTestResult: Invoking callback 1/1 for Microsoft.VisualStudio.TestPlatform.CommandLine.Internal.ConsoleLogger., took 0 ms.
TpTrace Verbose: 0 : 12864, 4, 2024/04/01, 12:31:28.224, 69209334095, vstest.console.dll, MulticastDelegateUtilities.SafeInvoke: InternalTestLoggerEvents.SendTestResult: Invoking callback 1/1 for Microsoft.VisualStudio.TestPlatform.CommandLine.Internal.ConsoleLogger., took 0 ms.
TpTrace Verbose: 0 : 12864, 4, 2024/04/01, 12:31:28.224, 69209335101, vstest.console.dll, MulticastDelegateUtilities.SafeInvoke: InternalTestLoggerEvents.SendTestResult: Invoking callback 1/1 for Microsoft.VisualStudio.TestPlatform.CommandLine.Internal.ConsoleLogger., took 0 ms.
TpTrace Verbose: 0 : 12864, 4, 2024/04/01, 12:31:28.224, 69209336194, vstest.console.dll, MulticastDelegateUtilities.SafeInvoke: InternalTestLoggerEvents.SendTestResult: Invoking callback 1/1 for Microsoft.VisualStudio.TestPlatform.CommandLine.Internal.ConsoleLogger., took 0 ms.
TpTrace Verbose: 0 : 12864, 4, 2024/04/01, 12:31:28.224, 69209337092, vstest.console.dll, MulticastDelegateUtilities.SafeInvoke: InternalTestLoggerEvents.SendTestResult: Invoking callback 1/1 for Microsoft.VisualStudio.TestPlatform.CommandLine.Internal.ConsoleLogger., took 0 ms.
TpTrace Verbose: 0 : 12864, 11, 2024/04/01, 12:31:28.524, 69212335386, vstest.console.dll, TcpClientExtensions.MessageLoopAsync: NotifyDataAvailable remoteEndPoint: 127.0.0.1:52451 localEndPoint: 127.0.0.1:52450
TpTrace Verbose: 0 : 12864, 11, 2024/04/01, 12:31:28.524, 69212337253, vstest.console.dll, TestRequestSender.OnExecutionMessageReceived: Received message: {"Version":5,"MessageType":"TestSession.Message","Payload":{"MessageLevel":0,"Message":"NUnit Adapter 4.2.0.0: Test execution complete"}}
TpTrace Verbose: 0 : 12864, 11, 2024/04/01, 12:31:28.525, 69212339019, vstest.console.dll, TestRunRequest:SendTestRunMessage: Starting.
TpTrace Verbose: 0 : 12864, 11, 2024/04/01, 12:31:28.525, 69212340240, vstest.console.dll, MulticastDelegateUtilities.SafeInvoke: TestRun.LogMessages: Invoking callback 1/1 for Microsoft.VisualStudio.TestPlatform.CommandLine.TestRunResultAggregator., took 0 ms.
TpTrace Verbose: 0 : 12864, 4, 2024/04/01, 12:31:28.525, 69212340374, vstest.console.dll, MulticastDelegateUtilities.SafeInvoke: InternalTestLoggerEvents.SendTestRunMessage: Invoking callback 1/1 for Microsoft.VisualStudio.TestPlatform.CommandLine.Internal.ConsoleLogger., took 0 ms.
TpTrace Information: 0 : 12864, 11, 2024/04/01, 12:31:28.525, 69212340960, vstest.console.dll, TestRunRequest:SendTestRunMessage: Completed.
TpTrace Verbose: 0 : 12864, 11, 2024/04/01, 12:31:28.525, 69212342637, vstest.console.dll, MulticastDelegateUtilities.SafeInvoke: LengthPrefixCommunicationChannel: MessageReceived: Invoking callback 1/1 for Microsoft.VisualStudio.TestPlatform.CommunicationUtilities.TestRequestSender+<>c__DisplayClass34_0., took 0 ms.
TpTrace Verbose: 0 : 12864, 11, 2024/04/01, 12:31:28.525, 69212343256, vstest.console.dll, TcpClientExtensions.MessageLoopAsync: Polling on remoteEndPoint: 127.0.0.1:52451 localEndPoint: 127.0.0.1:52450 after 301 ms
TpTrace Verbose: 0 : 12864, 11, 2024/04/01, 12:31:28.556, 69212657515, vstest.console.dll, TcpClientExtensions.MessageLoopAsync: NotifyDataAvailable remoteEndPoint: 127.0.0.1:52451 localEndPoint: 127.0.0.1:52450
TpTrace Verbose: 0 : 12864, 11, 2024/04/01, 12:31:28.557, 69212661754, vstest.console.dll, TestRequestSender.OnExecutionMessageReceived: Received message: {"Version":5,"MessageType":"TestExecution.Completed","Payload":{"TestRunCompleteArgs":{"TestRunStatistics":{"ExecutedTests":29,"Stats":{"Passed":29}},"IsCanceled":false,"IsAborted":false,"Error":null,"AttachmentSets":[],"ElapsedTimeInRunningTests":"00:00:03.2592273","Metrics":{}},"LastRunTests":{"NewTestResults":[{"TestCase":{"Id":"4cef5da8-a158-5acb-5516-63b7e8800887","FullyQualifiedName":"HouseRentingSystem.Tests.UnitTests.HouseServiceTests.IsRentedByUserWithId_ShouldReturnCorrectTrue_WithValidId","DisplayName":"IsRentedByUserWithId_ShouldReturnCorrectTrue_WithValidId","ExecutorUri":"executor://NUnit3TestExecutor","Source":"F:\\Back End 2\\12-Continuous-Integration-II-Resources\\12-Continuous-Integration-II-Resources\\02-House-Renting-System-App\\HouseRentingSystem.Tests\\bin\\Debug\\net6.0\\fine-code-coverage\\build-output\\HouseRentingSystem.Tests.dll","CodeFilePath":null,"LineNumber":0,"Properties":[{"Key":{"Id":"NUnit.Seed","Label":"Seed","Category":"","Description":"","Attributes":0,"ValueType":"System.String"},"Value":"1884979781"}]},"Attachments":[],"Outcome":1,"ErrorMessage":null,"ErrorStackTrace":null,"DisplayName":"IsRentedByUserWithId_ShouldReturnCorrectTrue_WithValidId","Messages":[],"ComputerName":"DESKTOP-NHABU3K","Duration":"00:00:00.0007680","StartTime":"2024-04-01T09:31:28.2127122+00:00","EndTime":"2024-04-01T09:31:28.2134801+00:00","Properties":[{"Key":{"Id":"NUnit.Seed","Label":"Seed","Category":"","Description":"","Attributes":0,"ValueType":"System.String"},"Value":"1884979781"}]},{"TestCase":{"Id":"17dc49a3-1e59-f513-63e6-7eab3e02acba","FullyQualifiedName":"HouseRentingSystem.Tests.UnitTests.HouseServiceTests.LastThreeHouses_ShouldReturnCorrectHouses","DisplayName":"LastThreeHouses_ShouldReturnCorrectHouses","ExecutorUri":"executor://NUnit3TestExecutor","Source":"F:\\Back End 2\\12-Continuous-Integration-II-Resources\\12-Continuous-Integration-II-Resources\\02-House-Renting-System-App\\HouseRentingSystem.Tests\\bin\\Debug\\net6.0\\fine-code-coverage\\build-output\\HouseRentingSystem.Tests.dll","CodeFilePath":null,"LineNumber":0,"Properties":[{"Key":{"Id":"NUnit.Seed","Label":"Seed","Category":"","Description":"","Attributes":0,"ValueType":"System.String"},"Value":"648833976"}]},"Attachments":[],"Outcome":1,"ErrorMessage":null,"ErrorStackTrace":null,"DisplayName":"LastThreeHouses_ShouldReturnCorrectHouses","Messages":[],"ComputerName":"DESKTOP-NHABU3K","Duration":"00:00:00.0483120","StartTime":"2024-04-01T09:31:28.2135162+00:00","EndTime":"2024-04-01T09:31:28.2618273+00:00","Properties":[{"Key":{"Id":"NUnit.Seed","Label":"Seed","Category":"","Description":"","Attributes":0,"ValueType":"System.String"},"Value":"648833976"}]},{"TestCase":{"Id":"366bcf26-07cc-aaed-5496-a5bb0176448b","FullyQualifiedName":"HouseRentingSystem.Tests.UnitTests.HouseServiceTests.Leave_ShouldRentHouseSuccessfully","DisplayName":"Leave_ShouldRentHouseSuccessfully","ExecutorUri":"executor://NUnit3TestExecutor","Source":"F:\\Back End 2\\12-Continuous-Integration-II-Resources\\12-Continuous-Integration-II-Resources\\02-House-Renting-System-App\\HouseRentingSystem.Tests\\bin\\Debug\\net6.0\\fine-code-coverage\\build-output\\HouseRentingSystem.Tests.dll","CodeFilePath":null,"LineNumber":0,"Properties":[{"Key":{"Id":"NUnit.Seed","Label":"Seed","Category":"","Description":"","Attributes":0,"ValueType":"System.String"},"Value":"64215993"}]},"Attachments":[],"Outcome":1,"ErrorMessage":null,"ErrorStackTrace":null,"DisplayName":"Leave_ShouldRentHouseSuccessfully","Messages":[],"ComputerName":"DESKTOP-NHABU3K","Duration":"00:00:00.0042600","StartTime":"2024-04-01T09:31:28.2631625+00:00","EndTime":"2024-04-01T09:31:28.2674233+00:00","Properties":[{"Key":{"Id":"NUnit.Seed","Label":"Seed","Category":"","Description":"","Attributes":0,"ValueType":"System.String"},"Value":"64215993"}]},{"TestCase":{"Id":"89e1385f-2b92-6d90-e4f5-6eaab5e47f5a","FullyQualifiedName":"HouseRentingSystem.Tests.UnitTests.HouseServiceTests.Rent_ShouldRentHouseSuccessfully","DisplayName":"Rent_ShouldRentHouseSuccessfully","ExecutorUri":"executor://NUnit3TestExecutor","Source":"F:\\Back End 2\\12-Continuous-Integration-II-Resources\\12-Continuous-Integration-II-Resources\\02-House-Renting-System-App\\HouseRentingSystem.Tests\\bin\\Debug\\net6.0\\fine-code-coverage\\build-output\\HouseRentingSystem.Tests.dll","CodeFilePath":null,"LineNumber":0,"Properties":[{"Key":{"Id":"NUnit.Seed","Label":"Seed","Category":"","Description":"","Attributes":0,"ValueType":"System.String"},"Value":"1618170829"}]},"Attachments":[],"Outcome":1,"ErrorMessage":null,"ErrorStackTrace":null,"DisplayName":"Rent_ShouldRentHouseSuccessfully","Messages":[],"ComputerName":"DESKTOP-NHABU3K","Duration":"00:00:00.0029160","StartTime":"2024-04-01T09:31:28.2700297+00:00","EndTime":"2024-04-01T09:31:28.2729454+00:00","Properties":[{"Key":{"Id":"NUnit.Seed","Label":"Seed","Category":"","Description":"","Attributes":0,"ValueType":"System.String"},"Value":"1618170829"}]},{"TestCase":{"Id":"5e72453d-8ffd-8ba2-4595-59df8919ec29","FullyQualifiedName":"HouseRentingSystem.Tests.UnitTests.RentServiceTests.All_ShouldReturnCorrectData","DisplayName":"All_ShouldReturnCorrectData","ExecutorUri":"executor://NUnit3TestExecutor","Source":"F:\\Back End 2\\12-Continuous-Integration-II-Resources\\12-Continuous-Integration-II-Resources\\02-House-Renting-System-App\\HouseRentingSystem.Tests\\bin\\Debug\\net6.0\\fine-code-coverage\\build-output\\HouseRentingSystem.Tests.dll","CodeFilePath":null,"LineNumber":0,"Properties":[{"Key":{"Id":"NUnit.Seed","Label":"Seed","Category":"","Description":"","Attributes":0,"ValueType":"System.String"},"Value":"1665203489"}]},"Attachments":[],"Outcome":1,"ErrorMessage":null,"ErrorStackTrace":null,"DisplayName":"All_ShouldReturnCorrectData","Messages":[],"ComputerName":"DESKTOP-NHABU3K","Duration":"00:00:00.0951400","StartTime":"2024-04-01T09:31:28.3507643+00:00","EndTime":"2024-04-01T09:31:28.4459054+00:00","Properties":[{"Key":{"Id":"NUnit.Seed","Label":"Seed","Category":"","Description":"","Attributes":0,"ValueType":"System.String"},"Value":"1665203489"}]},{"TestCase":{"Id":"21df9aa2-281c-b502-d302-f0b56e5b90de","FullyQualifiedName":"HouseRentingSystem.Tests.UnitTests.StatisticsServiceTests.Total_ShouldReturnCorrectCounts","DisplayName":"Total_ShouldReturnCorrectCounts","ExecutorUri":"executor://NUnit3TestExecutor","Source":"F:\\Back End 2\\12-Continuous-Integration-II-Resources\\12-Continuous-Integration-II-Resources\\02-House-Renting-System-App\\HouseRentingSystem.Tests\\bin\\Debug\\net6.0\\fine-code-coverage\\build-output\\HouseRentingSystem.Tests.dll","CodeFilePath":null,"LineNumber":0,"Properties":[{"Key":{"Id":"NUnit.Seed","Label":"Seed","Category":"","Description":"","Attributes":0,"ValueType":"System.String"},"Value":"1241602509"}]},"Attachments":[],"Outcome":1,"ErrorMessage":null,"ErrorStackTrace":null,"DisplayName":"Total_ShouldReturnCorrectCounts","Messages":[],"ComputerName":"DESKTOP-NHABU3K","Duration":"00:00:00.0024110","StartTime":"2024-04-01T09:31:28.4573083+00:00","EndTime":"2024-04-01T09:31:28.4597199+00:00","Properties":[{"Key":{"Id":"NUnit.Seed","Label":"Seed","Category":"","Description":"","Attributes":0,"ValueType":"System.String"},"Value":"1241602509"}]},{"TestCase":{"Id":"2d1d8946-c9ba-2471-16b8-4864295b37bc","FullyQualifiedName":"HouseRentingSystem.Tests.UnitTests.UserServiceTests.All_ShouldReturnCorrectUsersAndAgents","DisplayName":"All_ShouldReturnCorrectUsersAndAgents","ExecutorUri":"executor://NUnit3TestExecutor","Source":"F:\\Back End 2\\12-Continuous-Integration-II-Resources\\12-Continuous-Integration-II-Resources\\02-House-Renting-System-App\\HouseRentingSystem.Tests\\bin\\Debug\\net6.0\\fine-code-coverage\\build-output\\HouseRentingSystem.Tests.dll","CodeFilePath":null,"LineNumber":0,"Properties":[{"Key":{"Id":"NUnit.Seed","Label":"Seed","Category":"","Description":"","Attributes":0,"ValueType":"System.String"},"Value":"1106692453"}]},"Attachments":[],"Outcome":1,"ErrorMessage":null,"ErrorStackTrace":null,"DisplayName":"All_ShouldReturnCorrectUsersAndAgents","Messages":[],"ComputerName":"DESKTOP-NHABU3K","Duration":"00:00:00.0415330","StartTime":"2024-04-01T09:31:28.4636675+00:00","EndTime":"2024-04-01T09:31:28.5052003+00:00","Properties":[{"Key":{"Id":"NUnit.Seed","Label":"Seed","Category":"","Description":"","Attributes":0,"ValueType":"System.String"},"Value":"1106692453"}]},{"TestCase":{"Id":"94dee587-4520-7686-aec8-d742cb4e49b2","FullyQualifiedName":"HouseRentingSystem.Tests.UnitTests.UserServiceTests.UserFullName_ShouldReturnCorrectResult","DisplayName":"UserFullName_ShouldReturnCorrectResult","ExecutorUri":"executor://NUnit3TestExecutor","Source":"F:\\Back End 2\\12-Continuous-Integration-II-Resources\\12-Continuous-Integration-II-Resources\\02-House-Renting-System-App\\HouseRentingSystem.Tests\\bin\\Debug\\net6.0\\fine-code-coverage\\build-output\\HouseRentingSystem.Tests.dll","CodeFilePath":null,"LineNumber":0,"Properties":[{"Key":{"Id":"NUnit.Seed","Label":"Seed","Category":"","Description":"","Attributes":0,"ValueType":"System.String"},"Value":"1823432272"}]},"Attachments":[],"Outcome":1,"ErrorMessage":null,"ErrorStackTrace":null,"DisplayName":"UserFullName_ShouldReturnCorrectResult","Messages":[],"ComputerName":"DESKTOP-NHABU3K","Duration":"00:00:00.0004250","StartTime":"2024-04-01T09:31:28.5052497+00:00","EndTime":"2024-04-01T09:31:28.5056744+00:00","Properties":[{"Key":{"Id":"NUnit.Seed","Label":"Seed","Category":"","Description":"","Attributes":0,"ValueType":"System.String"},"Value":"1823432272"}]},{"TestCase":{"Id":"76bccacd-8a4b-1fa8-0305-06b648d873d8","FullyQualifiedName":"HouseRentingSystem.Tests.UnitTests.UserServiceTests.UserHasRents_ShouldReturnTrue_WithValidData","DisplayName":"UserHasRents_ShouldReturnTrue_WithValidData","ExecutorUri":"executor://NUnit3TestExecutor","Source":"F:\\Back End 2\\12-Continuous-Integration-II-Resources\\12-Continuous-Integration-II-Resources\\02-House-Renting-System-App\\HouseRentingSystem.Tests\\bin\\Debug\\net6.0\\fine-code-coverage\\build-output\\HouseRentingSystem.Tests.dll","CodeFilePath":null,"LineNumber":0,"Properties":[{"Key":{"Id":"NUnit.Seed","Label":"Seed","Category":"","Description":"","Attributes":0,"ValueType":"System.String"},"Value":"115946597"}]},"Attachments":[],"Outcome":1,"ErrorMessage":null,"ErrorStackTrace":null,"DisplayName":"UserHasRents_ShouldReturnTrue_WithValidData","Messages":[],"ComputerName":"DESKTOP-NHABU3K","Duration":"00:00:00.0090130","StartTime":"2024-04-01T09:31:28.5057056+00:00","EndTime":"2024-04-01T09:31:28.5147179+00:00","Properties":[{"Key":{"Id":"NUnit.Seed","Label":"Seed","Category":"","Description":"","Attributes":0,"ValueType":"System.String"},"Value":"115946597"}]}],"TestRunStatistics":{"ExecutedTests":29,"Stats":{"Passed":29}},"ActiveTests":[]},"RunAttachments":[],"ExecutorUris":["executor://nunit3testexecutor/"]}}
TpTrace Verbose: 0 : 12864, 11, 2024/04/01, 12:31:28.561, 69212702222, vstest.console.dll, TestRequestSender.EndSession: Sending end session.
TpTrace Verbose: 0 : 12864, 11, 2024/04/01, 12:31:28.561, 69212705160, vstest.console.dll, ProxyOperationManager.Close: waiting for test host to exit for 100 ms
TpTrace Verbose: 0 : 12864, 7, 2024/04/01, 12:31:28.602, 69213112579, vstest.console.dll, TestHostManagerCallbacks.ctor: Experimental forwarding output is disabled.
TpTrace Warning: 0 : 12864, 7, 2024/04/01, 12:31:28.602, 69213114002, vstest.console.dll, TestHostManagerCallbacks.ErrorReceivedCallback Test host standard error line: 
TpTrace Verbose: 0 : 12864, 7, 2024/04/01, 12:31:28.617, 69213258575, vstest.console.dll, TestHostProvider.ExitCallBack: Host exited starting callback.
TpTrace Information: 0 : 12864, 7, 2024/04/01, 12:31:28.617, 69213260243, vstest.console.dll, TestHostManagerCallbacks.ExitCallBack: Testhost processId: 14632 exited with exitcode: 0 error: ''
TpTrace Verbose: 0 : 12864, 7, 2024/04/01, 12:31:28.617, 69213260741, vstest.console.dll, DotnetTestHostManager.OnHostExited: invoking OnHostExited callback
TpTrace Verbose: 0 : 12864, 7, 2024/04/01, 12:31:28.617, 69213261282, vstest.console.dll, CrossPlatEngine.TestHostManagerHostExited: calling on client process exit callback.
TpTrace Information: 0 : 12864, 7, 2024/04/01, 12:31:28.617, 69213261891, vstest.console.dll, TestRequestSender.OnClientProcessExit: Test host process exited. Standard error: 
TpTrace Information: 0 : 12864, 7, 2024/04/01, 12:31:28.617, 69213262968, vstest.console.dll, SocketServer.Stop: Stop server endPoint: 127.0.0.1:52450
TpTrace Information: 0 : 12864, 11, 2024/04/01, 12:31:28.617, 69213262438, vstest.console.dll, SocketServer.Stop: Stop server endPoint: 127.0.0.1:52450
TpTrace Information: 0 : 12864, 7, 2024/04/01, 12:31:28.617, 69213263656, vstest.console.dll, SocketServer.Stop: Cancellation requested. Stopping message loop.
TpTrace Information: 0 : 12864, 11, 2024/04/01, 12:31:28.617, 69213264394, vstest.console.dll, SocketServer.Stop: Cancellation requested. Stopping message loop.
TpTrace Information: 0 : 12864, 11, 2024/04/01, 12:31:28.617, 69213265919, vstest.console.dll, Closing the connection
TpTrace Verbose: 0 : 12864, 7, 2024/04/01, 12:31:28.618, 69213269414, vstest.console.dll, MulticastDelegateUtilities.SafeInvoke: HostProviderEvents.OnHostExited: Invoking callback 1/1 for Microsoft.VisualStudio.TestPlatform.CrossPlatEngine.Client.ProxyOperationManager., took 0 ms.
TpTrace Verbose: 0 : 12864, 11, 2024/04/01, 12:31:28.618, 69213272620, vstest.console.dll, ProxyDataCollectionManager.InvokeDataCollectionServiceAction: Starting.
TpTrace Information: 0 : 12864, 11, 2024/04/01, 12:31:28.618, 69213273908, vstest.console.dll, ProxyDataCollectionManager.AfterTestRunEnd: Get attachment set and invoked data collectors processId: 2324 port: 52447
TpTrace Verbose: 0 : 12864, 11, 2024/04/01, 12:31:28.618, 69213274684, vstest.console.dll, DataCollectionRequestSender.SendAfterTestRunStartAndGetResult: Send AfterTestRunEnd message with isCancelled: False
TpTrace Verbose: 0 : 12864, 11, 2024/04/01, 12:31:28.627, 69213362792, vstest.console.dll, DataCollectionRequestSender.SendAfterTestRunStartAndGetResult: Received message: (DataCollection.AfterTestRunEndResult) -> {"MessageType":"DataCollection.AfterTestRunEndResult","Payload":{"AttachmentSets":[],"InvokedDataCollectors":[{"Uri":"datacollector://Microsoft/TestPlatform/Extensions/Blame/v1","FriendlyName":"Blame","AssemblyQualifiedName":"Microsoft.TestPlatform.Extensions.BlameDataCollector.BlameCollector, Microsoft.TestPlatform.Extensions.BlameDataCollector, Version=15.0.0.0, Culture=neutral, PublicKeyToken=b03f5f7f11d50a3a","FilePath":"C:\\Program Files\\dotnet\\sdk\\8.0.200\\Extensions\\Microsoft.TestPlatform.Extensions.BlameDataCollector.dll","HasAttachmentProcessor":false}],"Metrics":{}}}
TpTrace Information: 0 : 12864, 11, 2024/04/01, 12:31:28.636, 69213449400, vstest.console.dll, ProxyDataCollectionManager.InvokeDataCollectionServiceAction: Completed.
TpTrace Warning: 0 : 12864, 10, 2024/04/01, 12:31:28.648, 69213575956, vstest.console.dll, DataCollectionLauncher.ErrorReceivedCallback datacollector standard error line: 
TpTrace Information: 0 : 12864, 10, 2024/04/01, 12:31:28.659, 69213685688, vstest.console.dll, DataCollectionLauncher.ExitCallBack: Data collector exited with exitcode: 0 error: ''
TpTrace Verbose: 0 : 12864, 11, 2024/04/01, 12:31:28.692, 69214011168, vstest.console.dll, TestRunRequest:SendTestRunStatsChange: Starting.
TpTrace Verbose: 0 : 12864, 11, 2024/04/01, 12:31:28.692, 69214013316, vstest.console.dll, MulticastDelegateUtilities.SafeInvoke: TestRun.RunStatsChanged: Invoking callbacks was skipped because there are no subscribers.
TpTrace Verbose: 0 : 12864, 4, 2024/04/01, 12:31:28.692, 69214013934, vstest.console.dll, MulticastDelegateUtilities.SafeInvoke: InternalTestLoggerEvents.SendTestResult: Invoking callback 1/1 for Microsoft.VisualStudio.TestPlatform.CommandLine.Internal.ConsoleLogger., took 0 ms.
TpTrace Information: 0 : 12864, 11, 2024/04/01, 12:31:28.692, 69214013970, vstest.console.dll, TestRunRequest:SendTestRunStatsChange: Completed.
TpTrace Verbose: 0 : 12864, 4, 2024/04/01, 12:31:28.692, 69214015288, vstest.console.dll, MulticastDelegateUtilities.SafeInvoke: InternalTestLoggerEvents.SendTestResult: Invoking callback 1/1 for Microsoft.VisualStudio.TestPlatform.CommandLine.Internal.ConsoleLogger., took 0 ms.
TpTrace Verbose: 0 : 12864, 4, 2024/04/01, 12:31:28.692, 69214016398, vstest.console.dll, MulticastDelegateUtilities.SafeInvoke: InternalTestLoggerEvents.SendTestResult: Invoking callback 1/1 for Microsoft.VisualStudio.TestPlatform.CommandLine.Internal.ConsoleLogger., took 0 ms.
TpTrace Verbose: 0 : 12864, 4, 2024/04/01, 12:31:28.692, 69214017363, vstest.console.dll, MulticastDelegateUtilities.SafeInvoke: InternalTestLoggerEvents.SendTestResult: Invoking callback 1/1 for Microsoft.VisualStudio.TestPlatform.CommandLine.Internal.ConsoleLogger., took 0 ms.
TpTrace Verbose: 0 : 12864, 11, 2024/04/01, 12:31:28.693, 69214020369, vstest.console.dll, ParallelProxyExecutionManager: HandlePartialRunComplete: Total workloads = 1, Total started clients = 1 Total completed clients = 1, Run complete = True, Run canceled: False.
TpTrace Verbose: 0 : 12864, 11, 2024/04/01, 12:31:28.693, 69214021094, vstest.console.dll, ParallelProxyExecutionManager: HandlePartialRunComplete: All runs completed stopping all managers.
TpTrace Verbose: 0 : 12864, 11, 2024/04/01, 12:31:28.693, 69214021864, vstest.console.dll, ParallelOperationManager.StopAllManagers: Stopping all managers.
TpTrace Verbose: 0 : 12864, 11, 2024/04/01, 12:31:28.693, 69214022514, vstest.console.dll, ParallelOperationManager.ClearSlots: Clearing all slots. Slots should accept more work: False
TpTrace Verbose: 0 : 12864, 11, 2024/04/01, 12:31:28.693, 69214023362, vstest.console.dll, ParallelOperationManager.SetOccupiedSlotCount: Setting slot counts AvailableSlotCount = 3, OccupiedSlotCount = 0.
TpTrace Verbose: 0 : 12864, 11, 2024/04/01, 12:31:28.693, 69214024274, vstest.console.dll, Occupied slots:

TpTrace Verbose: 0 : 12864, 4, 2024/04/01, 12:31:28.695, 69214038055, vstest.console.dll, MulticastDelegateUtilities.SafeInvoke: InternalTestLoggerEvents.SendTestResult: Invoking callback 1/1 for Microsoft.VisualStudio.TestPlatform.CommandLine.Internal.ConsoleLogger., took 1 ms.
TpTrace Verbose: 0 : 12864, 4, 2024/04/01, 12:31:28.695, 69214040476, vstest.console.dll, MulticastDelegateUtilities.SafeInvoke: InternalTestLoggerEvents.SendTestResult: Invoking callback 1/1 for Microsoft.VisualStudio.TestPlatform.CommandLine.Internal.ConsoleLogger., took 0 ms.
TpTrace Verbose: 0 : 12864, 4, 2024/04/01, 12:31:28.695, 69214042291, vstest.console.dll, MulticastDelegateUtilities.SafeInvoke: InternalTestLoggerEvents.SendTestResult: Invoking callback 1/1 for Microsoft.VisualStudio.TestPlatform.CommandLine.Internal.ConsoleLogger., took 0 ms.
TpTrace Verbose: 0 : 12864, 4, 2024/04/01, 12:31:28.695, 69214043292, vstest.console.dll, MulticastDelegateUtilities.SafeInvoke: InternalTestLoggerEvents.SendTestResult: Invoking callback 1/1 for Microsoft.VisualStudio.TestPlatform.CommandLine.Internal.ConsoleLogger., took 0 ms.
TpTrace Verbose: 0 : 12864, 4, 2024/04/01, 12:31:28.695, 69214044146, vstest.console.dll, MulticastDelegateUtilities.SafeInvoke: InternalTestLoggerEvents.SendTestResult: Invoking callback 1/1 for Microsoft.VisualStudio.TestPlatform.CommandLine.Internal.ConsoleLogger., took 0 ms.
TpTrace Verbose: 0 : 12864, 4, 2024/04/01, 12:31:28.710, 69214190230, vstest.console.dll, MulticastDelegateUtilities.SafeInvoke: InternalTestLoggerEvents.SendTestRunComplete: Invoking callback 1/2 for Microsoft.TestPlatform.Extensions.BlameDataCollector.BlameLogger., took 0 ms.
TpTrace Verbose: 0 : 12864, 4, 2024/04/01, 12:31:28.718, 69214270362, vstest.console.dll, MulticastDelegateUtilities.SafeInvoke: InternalTestLoggerEvents.SendTestRunComplete: Invoking callback 2/2 for Microsoft.VisualStudio.TestPlatform.CommandLine.Internal.ConsoleLogger., took 7 ms.
TpTrace Verbose: 0 : 12864, 11, 2024/04/01, 12:31:28.718, 69214275692, vstest.console.dll, TestRunRequest:TestRunComplete: Starting. IsAborted:False IsCanceled:False.
TpTrace Verbose: 0 : 12864, 11, 2024/04/01, 12:31:28.719, 69214279256, vstest.console.dll, ParallelOperationManager.DoActionOnAllManagers: Calling an action on all managers.
TpTrace Verbose: 0 : 12864, 11, 2024/04/01, 12:31:28.721, 69214301602, vstest.console.dll, TestLoggerManager.HandleTestRunComplete: Ignoring as the object is disposed.
TpTrace Verbose: 0 : 12864, 11, 2024/04/01, 12:31:28.721, 69214304713, vstest.console.dll, MulticastDelegateUtilities.SafeInvoke: TestRun.TestRunComplete: Invoking callback 1/2 for Microsoft.VisualStudio.TestPlatform.CommandLine.TestRunResultAggregator., took 0 ms.
TpTrace Verbose: 0 : 12864, 11, 2024/04/01, 12:31:28.721, 69214306632, vstest.console.dll, MulticastDelegateUtilities.SafeInvoke: TestRun.TestRunComplete: Invoking callback 2/2 for Microsoft.VisualStudio.TestPlatform.CommandLine.Processors.RunTestsArgumentExecutor+TestRunRequestEventsRegistrar., took 0 ms.
TpTrace Information: 0 : 12864, 11, 2024/04/01, 12:31:28.722, 69214308909, vstest.console.dll, TestRunRequest:TestRunComplete: Completed.
TpTrace Verbose: 0 : 12864, 1, 2024/04/01, 12:31:28.722, 69214308994, vstest.console.dll, TestRunRequest.Dispose: Starting.
TpTrace Verbose: 0 : 12864, 11, 2024/04/01, 12:31:28.722, 69214309820, vstest.console.dll, TestRequestSender.SetOperationComplete: Setting operation complete.
TpTrace Information: 0 : 12864, 1, 2024/04/01, 12:31:28.722, 69214310915, vstest.console.dll, TestRunRequest.Dispose: Completed.
TpTrace Information: 0 : 12864, 11, 2024/04/01, 12:31:28.722, 69214311552, vstest.console.dll, SocketServer.Stop: Stop server endPoint: 127.0.0.1:52450
TpTrace Information: 0 : 12864, 1, 2024/04/01, 12:31:28.722, 69214312676, vstest.console.dll, TestRequestManager.RunTests: run tests completed.
TpTrace Information: 0 : 12864, 11, 2024/04/01, 12:31:28.722, 69214313197, vstest.console.dll, SocketServer.Stop: Cancellation requested. Stopping message loop.
TpTrace Information: 0 : 12864, 1, 2024/04/01, 12:31:28.722, 69214314626, vstest.console.dll, RunTestsArgumentProcessor:Execute: Test run is completed.
TpTrace Verbose: 0 : 12864, 11, 2024/04/01, 12:31:28.722, 69214314636, vstest.console.dll, MulticastDelegateUtilities.SafeInvoke: LengthPrefixCommunicationChannel: MessageReceived: Invoking callback 1/1 for Microsoft.VisualStudio.TestPlatform.CommunicationUtilities.TestRequestSender+<>c__DisplayClass34_0., took 165 ms.
TpTrace Information: 0 : 12864, 11, 2024/04/01, 12:31:28.722, 69214315949, vstest.console.dll, SocketServer.PrivateStop: Stopping server endPoint: 127.0.0.1:52450 error: 
TpTrace Verbose: 0 : 12864, 1, 2024/04/01, 12:31:28.723, 69214319042, vstest.console.dll, Executor.Execute: Exiting with exit code of 0
TpTrace Verbose: 0 : 12864, 11, 2024/04/01, 12:31:28.723, 69214322615, vstest.console.dll, LengthPrefixCommunicationChannel.Dispose: Dispose reader and writer.
TpTrace Information: 0 : 12864, 11, 2024/04/01, 12:31:28.723, 69214323992, vstest.console.dll, SocketServer.Stop: Raise disconnected event endPoint: 127.0.0.1:52450 error: 
TpTrace Verbose: 0 : 12864, 11, 2024/04/01, 12:31:28.723, 69214325246, vstest.console.dll, TestRequestSender: OnTestRunAbort: Operation is already complete. Skip error message.
